slurmstepd: info: Setting TMPDIR to /scratch/2719091. Previous errors about TMPDIR can be discarded
available: 4 nodes (0-3)
node 0 cpus: 0 1 2 3 4 5 6 7 8 9 10 11 12 13 14 15
node 0 size: 63805 MB
node 0 free: 47895 MB
node 1 cpus: 16 17 18 19 20 21 22 23 24 25 26 27 28 29 30 31
node 1 size: 64508 MB
node 1 free: 59854 MB
node 2 cpus: 32 33 34 35 36 37 38 39 40 41 42 43 44 45 46 47
node 2 size: 64471 MB
node 2 free: 58379 MB
node 3 cpus: 48 49 50 51 52 53 54 55 56 57 58 59 60 61 62 63
node 3 size: 64505 MB
node 3 free: 58235 MB
node distances:
node   0   1   2   3 
  0:  10  11  20  20 
  1:  11  10  20  20 
  2:  20  20  10  11 
  3:  20  20  11  10 
