[H[2J[3Jr
-
-
nodeThread: 0 2 
opType: 1 0 0 
pData: 1
nodePVector: 0 2 
tamPVector: 209715200 209715200 
nodeSVector: 0 
tamSVector: 209715200 
SvectorPerThread: 0 0 
numSElmProc: 209715200 209715200 

mbind: Invalid argument
Reads

Parser destructor
r
-
-
nodeThread: 0 2 
opType: 1 0 0 
pData: 1
nodePVector: 0 2 
tamPVector: 209715200 209715200 
nodeSVector: 0 
tamSVector: 209715200 
SvectorPerThread: 0 0 
numSElmProc: 209715200 209715200 

mbind: Invalid argument
Reads

Parser destructor
r
-
-
nodeThread: 0 2 
opType: 1 0 0 
pData: 1
nodePVector: 0 2 
tamPVector: 209715200 209715200 
nodeSVector: 0 
tamSVector: 209715200 
SvectorPerThread: 0 0 
numSElmProc: 209715200 209715200 

mbind: Invalid argument
Reads

Parser destructor
r
-
-
nodeThread: 0 2 
opType: 1 0 0 
pData: 1
nodePVector: 0 2 
tamPVector: 209715200 209715200 
nodeSVector: 0 
tamSVector: 209715200 
SvectorPerThread: 0 0 
numSElmProc: 209715200 209715200 

mbind: Invalid argument
Reads

Parser destructor
r
-
-
nodeThread: 0 2 
opType: 1 0 0 
pData: 1
nodePVector: 0 2 
tamPVector: 209715200 209715200 
nodeSVector: 0 
tamSVector: 209715200 
SvectorPerThread: 0 0 
numSElmProc: 209715200 209715200 

mbind: Invalid argument
Reads

Parser destructor
srun: Job 2714627 step creation temporarily disabled, retrying (Requested nodes are busy)
srun: Step created for job 2714627
r
-
-
nodeThread: 0 2 
opType: 1 0 0 
pData: 1
nodePVector: 0 2 
tamPVector: 209715200 209715200 
nodeSVector: 0 
tamSVector: 209715200 
SvectorPerThread: 0 0 
numSElmProc: 209715200 209715200 

mbind: Invalid argument
Reads

Parser destructor
r
-
-
nodeThread: 0 2 
opType: 1 0 0 
pData: 1
nodePVector: 0 2 
tamPVector: 209715200 209715200 
nodeSVector: 0 
tamSVector: 209715200 
SvectorPerThread: 0 0 
numSElmProc: 209715200 209715200 

mbind: Invalid argument
Reads

Parser destructor
r
-
-
nodeThread: 0 2 
opType: 1 0 0 
pData: 1
nodePVector: 0 2 
tamPVector: 209715200 209715200 
nodeSVector: 0 
tamSVector: 209715200 
SvectorPerThread: 0 0 
numSElmProc: 209715200 209715200 

mbind: Invalid argument
Reads

Parser destructor
r
-
-
nodeThread: 0 2 
opType: 1 0 0 
pData: 1
nodePVector: 0 2 
tamPVector: 209715200 209715200 
nodeSVector: 0 
tamSVector: 209715200 
SvectorPerThread: 0 0 
numSElmProc: 209715200 209715200 

mbind: Invalid argument
Reads

Parser destructor
r
-
-
nodeThread: 0 2 
opType: 1 0 0 
pData: 1
nodePVector: 0 2 
tamPVector: 209715200 209715200 
nodeSVector: 0 
tamSVector: 209715200 
SvectorPerThread: 0 0 
numSElmProc: 209715200 209715200 

mbind: Invalid argument
Reads

Parser destructor
r
-
-
nodeThread: 0 2 
opType: 1 0 0 
pData: 1
nodePVector: 0 2 
tamPVector: 209715200 209715200 
nodeSVector: 0 
tamSVector: 209715200 
SvectorPerThread: 0 0 
numSElmProc: 209715200 209715200 

mbind: Invalid argument
Reads

Parser destructor
r
-
-
nodeThread: 0 2 
opType: 1 0 0 
pData: 1
nodePVector: 0 2 
tamPVector: 209715200 209715200 
nodeSVector: 0 
tamSVector: 209715200 
SvectorPerThread: 0 0 
numSElmProc: 209715200 209715200 

mbind: Invalid argument
Reads

Parser destructor
r
-
-
nodeThread: 0 2 
opType: 1 0 0 
pData: 1
nodePVector: 0 2 
tamPVector: 209715200 209715200 
nodeSVector: 0 
tamSVector: 209715200 
SvectorPerThread: 0 0 
numSElmProc: 209715200 209715200 

mbind: Invalid argument
Reads

Parser destructor
r
-
-
nodeThread: 0 2 
opType: 1 0 0 
pData: 1
nodePVector: 0 2 
tamPVector: 209715200 209715200 
nodeSVector: 0 
tamSVector: 209715200 
SvectorPerThread: 0 0 
numSElmProc: 209715200 209715200 

mbind: Invalid argument
Reads

Parser destructor
r
-
-
nodeThread: 0 2 
opType: 1 0 0 
pData: 1
nodePVector: 0 2 
tamPVector: 209715200 209715200 
nodeSVector: 0 
tamSVector: 209715200 
SvectorPerThread: 0 0 
numSElmProc: 209715200 209715200 

mbind: Invalid argument
Reads

Parser destructor
r
-
-
nodeThread: 0 2 
opType: 1 0 0 
pData: 1
nodePVector: 0 2 
tamPVector: 209715200 209715200 
nodeSVector: 0 
tamSVector: 209715200 
SvectorPerThread: 0 0 
numSElmProc: 209715200 209715200 

mbind: Invalid argument
Reads

Parser destructor
r
-
-
nodeThread: 0 2 
opType: 1 0 0 
pData: 1
nodePVector: 0 2 
tamPVector: 209715200 209715200 
nodeSVector: 0 
tamSVector: 209715200 
SvectorPerThread: 0 0 
numSElmProc: 209715200 209715200 

mbind: Invalid argument
Reads

Parser destructor
r
-
-
nodeThread: 0 2 
opType: 1 0 0 
pData: 1
nodePVector: 0 2 
tamPVector: 209715200 209715200 
nodeSVector: 0 
tamSVector: 209715200 
SvectorPerThread: 0 0 
numSElmProc: 209715200 209715200 

mbind: Invalid argument
Reads

Parser destructor
r
-
-
nodeThread: 0 2 
opType: 1 0 0 
pData: 1
nodePVector: 0 2 
tamPVector: 209715200 209715200 
nodeSVector: 0 
tamSVector: 209715200 
SvectorPerThread: 0 0 
numSElmProc: 209715200 209715200 

mbind: Invalid argument
Reads

Parser destructor
r
-
-
nodeThread: 0 2 
opType: 1 0 0 
pData: 1
nodePVector: 0 2 
tamPVector: 209715200 209715200 
nodeSVector: 0 
tamSVector: 209715200 
SvectorPerThread: 0 0 
numSElmProc: 209715200 209715200 

mbind: Invalid argument
Reads

Parser destructor
