[H[2J[3Jaffinity.cpp: In member function ‘int Thread_array::read_private(vectorSize)’:
affinity.cpp:172:90: error: no matching function for call to ‘duration_cast<std::chrono::milliseconds>(std::chrono::_V2::system_clock::time_point&)’
  172 |    auto milliseconds1 = std::chrono::duration_cast<std::chrono::milliseconds>(currentTime);
      |                                                                                          ^
In file included from affinity.cpp:4:
/mnt/netapp1/Optcesga_FT2_RHEL7/2020/gentoo/22072020/usr/lib/gcc/x86_64-pc-linux-gnu/10.1.0/include/g++-v10/chrono:224:7: note: candidate: ‘template<class _ToDur, class _Rep, class _Period> constexpr std::chrono::__enable_if_is_duration<_ToDur> std::chrono::duration_cast(const std::chrono::duration<_Rep, _Period>&)’
  224 |       duration_cast(const duration<_Rep, _Period>& __d)
      |       ^~~~~~~~~~~~~
/mnt/netapp1/Optcesga_FT2_RHEL7/2020/gentoo/22072020/usr/lib/gcc/x86_64-pc-linux-gnu/10.1.0/include/g++-v10/chrono:224:7: note:   template argument deduction/substitution failed:
affinity.cpp:172:90: note:   ‘std::chrono::_V2::system_clock::time_point’ {aka ‘std::chrono::time_point<std::chrono::_V2::system_clock, std::chrono::duration<long int, std::ratio<1, 1000000000> > >’} is not derived from ‘const std::chrono::duration<_Rep, _Period>’
  172 |    auto milliseconds1 = std::chrono::duration_cast<std::chrono::milliseconds>(currentTime);
      |                                                                                          ^
affinity.cpp:173:91: error: no matching function for call to ‘duration_cast<std::chrono::milliseconds>(std::chrono::_V2::system_clock::time_point&)’
  173 |    auto milliseconds2 = std::chrono::duration_cast<std::chrono::milliseconds>(currentTime2);
      |                                                                                           ^
In file included from affinity.cpp:4:
/mnt/netapp1/Optcesga_FT2_RHEL7/2020/gentoo/22072020/usr/lib/gcc/x86_64-pc-linux-gnu/10.1.0/include/g++-v10/chrono:224:7: note: candidate: ‘template<class _ToDur, class _Rep, class _Period> constexpr std::chrono::__enable_if_is_duration<_ToDur> std::chrono::duration_cast(const std::chrono::duration<_Rep, _Period>&)’
  224 |       duration_cast(const duration<_Rep, _Period>& __d)
      |       ^~~~~~~~~~~~~
/mnt/netapp1/Optcesga_FT2_RHEL7/2020/gentoo/22072020/usr/lib/gcc/x86_64-pc-linux-gnu/10.1.0/include/g++-v10/chrono:224:7: note:   template argument deduction/substitution failed:
affinity.cpp:173:91: note:   ‘std::chrono::_V2::system_clock::time_point’ {aka ‘std::chrono::time_point<std::chrono::_V2::system_clock, std::chrono::duration<long int, std::ratio<1, 1000000000> > >’} is not derived from ‘const std::chrono::duration<_Rep, _Period>’
  173 |    auto milliseconds2 = std::chrono::duration_cast<std::chrono::milliseconds>(currentTime2);
      |                                                                                           ^
r
-
-
nodeThread: 0 2 
opType: 1 0 0 
pData: 1
r
-
-
nodePVector: 0 2 
tamPVector: 209715200 209715200 
nodeSVector: 0 
tamSVector: 209715200 
SvectorPerThread: 0 0 
numSElmProc: 209715200 209715200 

nodeThread: 0 2 
opType: 1 0 0 
pData: 1
nodePVector: 0 2 
tamPVector: 209715200 209715200 
nodeSVector: 0 
tamSVector: 209715200 
SvectorPerThread: 0 0 
numSElmProc: 209715200 209715200 

r
-
-
r
-
-
nodeThread: 0 2 
opType: 1 0 0 
pData: 1
nodePVector: 0 2 
tamPVector: 209715200 209715200 
nodeSVector: 0 
tamSVector: 209715200 
SvectorPerThread: 0 0 
numSElmProc: 209715200 209715200 

nodeThread: 0 2 
opType: 1 0 0 
pData: 1
nodePVector: 0 2 
tamPVector: 209715200 209715200 
nodeSVector: 0 
tamSVector: 209715200 
SvectorPerThread: 0 0 
numSElmProc: 209715200 209715200 

Hilo 1 0Empieza: Wed Apr 26 13:37:23 2023TerminaWed Apr 26 13:37:25 2023
Hilo 1 1Empieza: Wed Apr 26 13:37:23 2023TerminaWed Apr 26 13:37:25 2023
Hilo 1 0Empieza: Wed Apr 26 13:37:23 2023TerminaWed Apr 26 13:37:25 2023
Hilo 1 0Empieza: Wed Apr 26 13:37:23 2023TerminaWed Apr 26 13:37:25 2023
Hilo 1 1Empieza: Wed Apr 26 13:37:23 2023TerminaWed Apr 26 13:37:25 2023
Hilo 1 1Empieza: Wed Apr 26 13:37:23 2023TerminaWed Apr 26 13:37:26 2023
Hilo 1 1Empieza: Wed Apr 26 13:37:23 2023TerminaWed Apr 26 13:37:26 2023
Reads
Reads

Parser destructor

Parser destructor
Reads

Parser destructor
Hilo 1 0Empieza: Wed Apr 26 13:37:23 2023TerminaWed Apr 26 13:37:32 2023
Reads

Parser destructor
r
-
-
nodeThread: 0 2 
opType: 1 0 0 
pData: 1
nodePVector: 0 2 
tamPVector: 209715200 209715200 
nodeSVector: 0 
tamSVector: 209715200 
SvectorPerThread: 0 0 
numSElmProc: 209715200 209715200 

r
-
-
r
-
-
nodeThread: 0 2 
opType: 1 0 0 
pData: 1
nodePVector: 0 2 
tamPVector: 209715200 209715200 
nodeSVector: 0 
tamSVector: 209715200 
r
-
-
SvectorPerThread: 0 0 
numSElmProc: 209715200 209715200 

nodeThread: 0 2 
opType: 1 0 0 
pData: 1
nodePVector: 0 2 
tamPVector: 209715200 209715200 
nodeSVector: 0 
tamSVector: 209715200 
SvectorPerThread: 0 0 
numSElmProc: 209715200 209715200 

nodeThread: 0 2 
opType: 1 0 0 
pData: 1
nodePVector: 0 2 
tamPVector: 209715200 209715200 
nodeSVector: 0 
tamSVector: 209715200 
SvectorPerThread: 0 0 
numSElmProc: 209715200 209715200 

Hilo 1 0Empieza: Wed Apr 26 13:37:44 2023TerminaWed Apr 26 13:37:46 2023
Hilo 1 0Empieza: Wed Apr 26 13:37:44 2023TerminaWed Apr 26 13:37:47 2023
Hilo 1 0Empieza: Wed Apr 26 13:37:44 2023TerminaWed Apr 26 13:37:47 2023
Hilo 1 1Empieza: Wed Apr 26 13:37:45 2023TerminaWed Apr 26 13:37:47 2023
Hilo 1 1Empieza: Wed Apr 26 13:37:44 2023TerminaWed Apr 26 13:37:48 2023
Hilo 1 1Empieza: Wed Apr 26 13:37:44 2023TerminaWed Apr 26 13:37:48 2023
Hilo 1 1Empieza: Wed Apr 26 13:37:44 2023TerminaWed Apr 26 13:37:48 2023
Reads

Parser destructor
Reads
Reads

Parser destructor

Parser destructor
Hilo 1 0Empieza: Wed Apr 26 13:37:45 2023TerminaWed Apr 26 13:37:54 2023
Reads

Parser destructor
r
-
-
nodeThread: 0 2 
opType: 1 0 0 
pData: 1
nodePVector: 0 2 
tamPVector: 209715200 209715200 
nodeSVector: 0 
tamSVector: 209715200 
SvectorPerThread: 0 0 
numSElmProc: 209715200 209715200 

r
-
-
nodeThread: 0 2 
opType: 1 0 0 
pData: 1
r
-
nodePVector: 0 2 
tamPVector: 209715200 209715200 
nodeSVector: 0 
tamSVector: 209715200 
SvectorPerThread: 0 0 
numSElmProc: 209715200 209715200 

-
nodeThread: 0 2 
opType: 1 0 0 
pData: 1
nodePVector: 0 2 
tamPVector: 209715200 209715200 
nodeSVector: 0 
tamSVector: 209715200 
SvectorPerThread: 0 0 
numSElmProc: 209715200 209715200 

r
-
-
nodeThread: 0 2 
opType: 1 0 0 
pData: 1
nodePVector: 0 2 
tamPVector: 209715200 209715200 
nodeSVector: 0 
tamSVector: 209715200 
SvectorPerThread: 0 0 
numSElmProc: 209715200 209715200 

Hilo 1 0Empieza: Wed Apr 26 13:38:06 2023TerminaWed Apr 26 13:38:08 2023
Hilo 1 0Empieza: Wed Apr 26 13:38:06 2023TerminaWed Apr 26 13:38:09 2023
Hilo 1 0Empieza: Wed Apr 26 13:38:06 2023TerminaWed Apr 26 13:38:09 2023
Hilo 1 1Empieza: Wed Apr 26 13:38:07 2023TerminaWed Apr 26 13:38:09 2023
Hilo 1 1Empieza: Wed Apr 26 13:38:06 2023TerminaWed Apr 26 13:38:09 2023
Hilo 1 1Empieza: Wed Apr 26 13:38:06 2023TerminaWed Apr 26 13:38:10 2023
Hilo 1 1Empieza: Wed Apr 26 13:38:06 2023TerminaWed Apr 26 13:38:10 2023
Reads

Parser destructor
Reads
Reads

Parser destructor

Parser destructor
Hilo 1 0Empieza: Wed Apr 26 13:38:07 2023TerminaWed Apr 26 13:38:16 2023
Reads

Parser destructor
r
-
-
nodeThread: 0 2 
opType: 1 0 0 
pData: 1
nodePVector: 0 2 
tamPVector: 209715200 209715200 
nodeSVector: 0 
tamSVector: 209715200 
SvectorPerThread: 0 0 
numSElmProc: 209715200 209715200 

r
-
-
nodeThread: 0 2 
opType: 1 0 0 
pData: 1
nodePVector: 0 2 
tamPVector: 209715200 209715200 
nodeSVector: 0 
tamSVector: 209715200 
SvectorPerThread: 0 0 
numSElmProc: 209715200 209715200 

r
-
-
nodeThread: 0 2 
opType: 1 0 0 
pData: 1
nodePVector: 0 2 
tamPVector: 209715200 209715200 
nodeSVector: 0 
tamSVector: 209715200 
SvectorPerThread: 0 0 
numSElmProc: 209715200 209715200 

r
-
-
nodeThread: 0 2 
opType: 1 0 0 
pData: 1
nodePVector: 0 2 
tamPVector: 209715200 209715200 
nodeSVector: 0 
tamSVector: 209715200 
SvectorPerThread: 0 0 
numSElmProc: 209715200 209715200 

Hilo 1 0Empieza: Wed Apr 26 13:38:29 2023TerminaWed Apr 26 13:38:31 2023
Hilo 1 0Empieza: Wed Apr 26 13:38:29 2023TerminaWed Apr 26 13:38:31 2023
Hilo 1 0Empieza: Wed Apr 26 13:38:29 2023TerminaWed Apr 26 13:38:31 2023
Hilo 1 1Empieza: Wed Apr 26 13:38:30 2023TerminaWed Apr 26 13:38:32 2023
Hilo 1 1Empieza: Wed Apr 26 13:38:29 2023TerminaWed Apr 26 13:38:32 2023
Hilo 1 1Empieza: Wed Apr 26 13:38:29 2023TerminaWed Apr 26 13:38:33 2023
Hilo 1 1Empieza: Wed Apr 26 13:38:29 2023TerminaWed Apr 26 13:38:33 2023
Reads

Parser destructor
Reads
Reads

Parser destructor

Parser destructor
Hilo 1 0Empieza: Wed Apr 26 13:38:30 2023TerminaWed Apr 26 13:38:39 2023
Reads

Parser destructor
r
-
-
nodeThread: 0 2 
opType: 1 0 0 
pData: 1
nodePVector: 0 2 
tamPVector: 209715200 209715200 
nodeSVector: 0 
tamSVector: 209715200 
SvectorPerThread: 0 0 
numSElmProc: 209715200 209715200 

r
-
-
nodeThread: 0 2 
opType: 1 0 0 
pData: 1
nodePVector: 0 2 
tamPVector: 209715200 209715200 
nodeSVector: 0 
tamSVector: 209715200 
SvectorPerThread: 0 0 
numSElmProc: 209715200 209715200 

r
-
-
nodeThread: 0 2 
opType: 1 0 0 
pData: 1
nodePVector: 0 2 
tamPVector: 209715200 209715200 
nodeSVector: 0 
tamSVector: 209715200 
SvectorPerThread: 0 0 
numSElmProc: 209715200 209715200 

r
-
-
nodeThread: 0 2 
opType: 1 0 0 
pData: 1
nodePVector: 0 2 
tamPVector: 209715200 209715200 
nodeSVector: 0 
tamSVector: 209715200 
SvectorPerThread: 0 0 
numSElmProc: 209715200 209715200 

Hilo 1 0Empieza: Wed Apr 26 13:38:51 2023TerminaWed Apr 26 13:38:53 2023
Hilo 1 1Empieza: Wed Apr 26 13:38:51 2023TerminaWed Apr 26 13:38:53 2023
Hilo 1 0Empieza: Wed Apr 26 13:38:51 2023TerminaWed Apr 26 13:38:53 2023
Hilo 1 0Empieza: Wed Apr 26 13:38:51 2023TerminaWed Apr 26 13:38:54 2023
Hilo 1 1Empieza: Wed Apr 26 13:38:51 2023TerminaWed Apr 26 13:38:54 2023
Hilo 1 1Empieza: Wed Apr 26 13:38:51 2023TerminaWed Apr 26 13:38:54 2023
Hilo 1 1Empieza: Wed Apr 26 13:38:51 2023TerminaWed Apr 26 13:38:55 2023
Reads

Parser destructor
Reads

Parser destructor
Reads

Parser destructor
Hilo 1 0Empieza: Wed Apr 26 13:38:51 2023TerminaWed Apr 26 13:39:01 2023
Reads

Parser destructor
r
-
-
nodeThread: 0 2 
opType: 1 0 0 
pData: 1
nodePVector: 0 2 
tamPVector: 209715200 209715200 
nodeSVector: 0 
tamSVector: 209715200 
SvectorPerThread: 0 0 
numSElmProc: 209715200 209715200 

r
-
-
nodeThread: 0 2 
opType: 1 0 0 
pData: 1
nodePVector: 0 2 
tamPVector: 209715200 209715200 
nodeSVector: 0 
tamSVector: 209715200 
SvectorPerThread: 0 0 
numSElmProc: 209715200 209715200 

r
-
-
nodeThread: 0 2 
opType: 1 0 0 
pData: 1
nodePVector: 0 2 
tamPVector: 209715200 209715200 
nodeSVector: 0 
tamSVector: 209715200 
SvectorPerThread: 0 0 
numSElmProc: 209715200 209715200 

r
-
-
nodeThread: 0 2 
opType: 1 0 0 
pData: 1
nodePVector: 0 2 
tamPVector: 209715200 209715200 
nodeSVector: 0 
tamSVector: 209715200 
SvectorPerThread: 0 0 
numSElmProc: 209715200 209715200 

Hilo 1 0Empieza: Wed Apr 26 13:39:13 2023TerminaWed Apr 26 13:39:15 2023
Hilo 1 0Empieza: Wed Apr 26 13:39:13 2023TerminaWed Apr 26 13:39:15 2023
Hilo 1 0Empieza: Wed Apr 26 13:39:13 2023TerminaWed Apr 26 13:39:15 2023
Hilo 1 1Empieza: Wed Apr 26 13:39:13 2023TerminaWed Apr 26 13:39:15 2023
Hilo 1 1Empieza: Wed Apr 26 13:39:13 2023TerminaWed Apr 26 13:39:16 2023
Hilo 1 1Empieza: Wed Apr 26 13:39:13 2023TerminaWed Apr 26 13:39:17 2023
Hilo 1 1Empieza: Wed Apr 26 13:39:13 2023TerminaWed Apr 26 13:39:17 2023
Reads

Parser destructor
Reads
Reads

Parser destructor

Parser destructor
Hilo 1 0Empieza: Wed Apr 26 13:39:13 2023TerminaWed Apr 26 13:39:23 2023
Reads

Parser destructor
r
-
-
nodeThread: 0 2 
opType: 1 0 0 
pData: 1
nodePVector: 0 2 
tamPVector: 209715200 209715200 
nodeSVector: 0 
tamSVector: 209715200 
SvectorPerThread: 0 0 
numSElmProc: 209715200 209715200 

r
-
-
r
-
-
nodeThread: 0 2 
opType: 1 0 0 
pData: 1
nodePVector: 0 2 
tamPVector: 209715200 209715200 
nodeSVector: 0 
tamSVector: 209715200 
SvectorPerThread: 0 0 
numSElmProc: 209715200 209715200 

nodeThread: 0 2 
opType: 1 0 0 
pData: 1
nodePVector: 0 2 
tamPVector: 209715200 209715200 
nodeSVector: 0 
tamSVector: 209715200 
SvectorPerThread: 0 0 
numSElmProc: 209715200 209715200 

r
-
-
nodeThread: 0 2 
opType: 1 0 0 
pData: 1
nodePVector: 0 2 
tamPVector: 209715200 209715200 
nodeSVector: 0 
tamSVector: 209715200 
SvectorPerThread: 0 0 
numSElmProc: 209715200 209715200 

Hilo 1 0Empieza: 1682.51Termina1682.51
Hilo 1 1Empieza: 1682.51Termina1682.51
Hilo 1 0Empieza: 1682.51Termina1682.51
Hilo 1 0Empieza: 1682.51Termina1682.51
Hilo 1 1Empieza: 1682.51Termina1682.51
Hilo 1 1Empieza: 1682.51Termina1682.51
Hilo 1 1Empieza: 1682.51Termina1682.51
Reads

Parser destructor
Reads
Reads

Parser destructor

Parser destructor
Hilo 1 0Empieza: 1682.51Termina1682.51
Reads

Parser destructor
r
-
-
nodeThread: 0 2 
opType: 1 0 0 
pData: 1
nodePVector: 0 2 
tamPVector: 209715200 209715200 
nodeSVector: 0 
tamSVector: 209715200 
SvectorPerThread: 0 0 
numSElmProc: 209715200 209715200 

r
-
-
nodeThread: 0 2 
opType: 1 0 0 
pData: 1
nodePVector: 0 2 
tamPVector: 209715200 209715200 
nodeSVector: 0 
tamSVector: 209715200 
SvectorPerThread: 0 0 
numSElmProc: 209715200 209715200 

r
-
-
nodeThread: 0 2 
opType: 1 0 0 
pData: 1
nodePVector: 0 2 
tamPVector: 209715200 209715200 
nodeSVector: 0 
tamSVector: 209715200 
SvectorPerThread: 0 0 
numSElmProc: 209715200 209715200 

r
-
-
nodeThread: 0 2 
opType: 1 0 0 
pData: 1
nodePVector: 0 2 
tamPVector: 209715200 209715200 
nodeSVector: 0 
tamSVector: 209715200 
SvectorPerThread: 0 0 
numSElmProc: 209715200 209715200 

Hilo 1 0Empieza: 1682.51Termina1682.51
Hilo 1 0Empieza: 1682.51Termina1682.51
Hilo 1 1Empieza: 1682.51Termina1682.51
Hilo 1 0Empieza: 1682.51Termina1682.51
Hilo 1 1Empieza: 1682.51Termina1682.51
Hilo 1 1Empieza: 1682.51Termina1682.51
Hilo 1 1Empieza: 1682.51Termina1682.51
Reads

Parser destructor
Reads
Reads

Parser destructor

Parser destructor
Hilo 1 0Empieza: 1682.51Termina1682.51
Reads

Parser destructor
r
-
-
r
-
-
nodeThread: 0 2 
opType: 1 0 0 
pData: 1
nodePVector: 0 2 
tamPVector: 209715200 209715200 
nodeSVector: 0 
tamSVector: 209715200 
nodeThread: 0 2 
opType: 1 0 0 
pData: 1
nodePVector: 0 2 
tamPVector: 209715200 209715200 
nodeSVector: 0 
tamSVector: 209715200 
SvectorPerThread: 0 0 
numSElmProc: 209715200 209715200 

SvectorPerThread: 0 0 
numSElmProc: 209715200 209715200 

r
-
-
nodeThread: 0 2 
opType: 1 0 0 
pData: 1
nodePVector: 0 2 
tamPVector: 209715200 209715200 
nodeSVector: 0 
tamSVector: 209715200 
SvectorPerThread: 0 0 
numSElmProc: 209715200 209715200 

r
-
-
nodeThread: 0 2 
opType: 1 0 0 
pData: 1
nodePVector: 0 2 
tamPVector: 209715200 209715200 
nodeSVector: 0 
tamSVector: 209715200 
SvectorPerThread: 0 0 
numSElmProc: 209715200 209715200 

Hilo 1 0Empieza: 1682.51Termina1682.51
Hilo 1 1Empieza: 1682.51Termina1682.51
Hilo 1 0Empieza: 1682.51Termina1682.51
Hilo 1 0Empieza: 1682.51Termina1682.51
Hilo 1 1Empieza: 1682.51Termina1682.51
Hilo 1 1Empieza: 1682.51Termina1682.51
Hilo 1 1Empieza: 1682.51Termina1682.51
Reads

Parser destructor
Reads
Reads

Parser destructor

Parser destructor
Hilo 1 0Empieza: 1682.51Termina1682.51
Reads

Parser destructor
r
-
-
r
-
-
nodeThread: 0 2 
opType: 1 0 0 
pData: 1
nodePVector: 0 2 
tamPVector: 209715200 209715200 
nodeSVector: 0 
tamSVector: 209715200 
SvectorPerThread: 0 0 
numSElmProc: 209715200 209715200 

nodeThread: 0 2 
opType: 1 0 0 
pData: 1
r
-
-
nodePVector: 0 2 
tamPVector: 209715200 209715200 
nodeSVector: 0 
tamSVector: 209715200 
SvectorPerThread: 0 0 
numSElmProc: 209715200 209715200 

nodeThread: 0 2 
opType: 1 0 0 
pData: 1
nodePVector: 0 2 
tamPVector: 209715200 209715200 
nodeSVector: 0 
tamSVector: 209715200 
SvectorPerThread: 0 0 
numSElmProc: 209715200 209715200 

r
-
-
nodeThread: 0 2 
opType: 1 0 0 
pData: 1
nodePVector: 0 2 
tamPVector: 209715200 209715200 
nodeSVector: 0 
tamSVector: 209715200 
SvectorPerThread: 0 0 
numSElmProc: 209715200 209715200 

Hilo 1 0Empieza: 1682.51Termina1682.51
Hilo 1 1Empieza: 1682.51Termina1682.51
Hilo 1 0Empieza: 1682.51Termina1682.51
Hilo 1 0Empieza: 1682.51Termina1682.51
Hilo 1 1Empieza: 1682.51Termina1682.51
Hilo 1 1Empieza: 1682.51Termina1682.51
Hilo 1 1Empieza: 1682.51Termina1682.51
Reads

Parser destructor
Reads

Parser destructor
Reads

Parser destructor
Hilo 1 0Empieza: 1682.51Termina1682.51
Reads

Parser destructor
srun: Job 2715256 step creation temporarily disabled, retrying (Requested nodes are busy)
srun: Step created for job 2715256
r
-
-
nodeThread: 0 2 
opType: 1 0 0 
pData: 1
nodePVector: 0 2 
tamPVector: 209715200 209715200 
nodeSVector: 0 
tamSVector: 209715200 
SvectorPerThread: 0 0 
numSElmProc: 209715200 209715200 

r
-
-
nodeThread: 0 2 
opType: 1 0 0 
pData: 1
nodePVector: 0 2 
tamPVector: 209715200 209715200 
nodeSVector: 0 
tamSVector: 209715200 
SvectorPerThread: 0 0 
numSElmProc: 209715200 209715200 

r
-
-
nodeThread: 0 2 
opType: 1 0 0 
pData: 1
nodePVector: 0 2 
tamPVector: 209715200 209715200 
nodeSVector: 0 
tamSVector: 209715200 
SvectorPerThread: 0 0 
numSElmProc: 209715200 209715200 

r
-
-
nodeThread: 0 2 
opType: 1 0 0 
pData: 1
nodePVector: 0 2 
tamPVector: 209715200 209715200 
nodeSVector: 0 
tamSVector: 209715200 
SvectorPerThread: 0 0 
numSElmProc: 209715200 209715200 

Hilo 1 0Empieza: 1.68251e+09Termina1.68251e+09
Hilo 1 1Empieza: 1.68251e+09Termina1.68251e+09
Hilo 1 0Empieza: 1.68251e+09Termina1.68251e+09
Hilo 1 0Empieza: 1.68251e+09Termina1.68251e+09
Hilo 1 1Empieza: 1.68251e+09Termina1.68251e+09
Hilo 1 1Empieza: 1.68251e+09Termina1.68251e+09
Hilo 1 1Empieza: 1.68251e+09Termina1.68251e+09
Reads

Parser destructor
Reads
Reads

Parser destructor

Parser destructor
Hilo 1 0Empieza: 1.68251e+09Termina1.68251e+09
Reads

Parser destructor
r
-
-
nodeThread: 0 2 
opType: 1 0 0 
pData: 1
nodePVector: 0 2 
tamPVector: 209715200 209715200 
nodeSVector: 0 
tamSVector: 209715200 
SvectorPerThread: 0 0 
numSElmProc: 209715200 209715200 

r
-
-
r
-
-
nodeThread: 0 2 
opType: 1 0 0 
pData: 1
nodePVector: 0 2 
tamPVector: 209715200 209715200 
nodeSVector: 0 
tamSVector: 209715200 
SvectorPerThread: 0 0 
numSElmProc: 209715200 209715200 

nodeThread: 0 2 
opType: 1 0 0 
pData: 1
nodePVector: 0 2 
tamPVector: 209715200 209715200 
nodeSVector: 0 
tamSVector: 209715200 
SvectorPerThread: 0 0 
numSElmProc: 209715200 209715200 

r
-
-
nodeThread: 0 2 
opType: 1 0 0 
pData: 1
nodePVector: 0 2 
tamPVector: 209715200 209715200 
nodeSVector: 0 
tamSVector: 209715200 
SvectorPerThread: 0 0 
numSElmProc: 209715200 209715200 

Hilo 1 0Empieza: 1.68251e+09Termina1.68251e+09
Hilo 1 1Empieza: 1.68251e+09Termina1.68251e+09
Hilo 1 0Empieza: 1.68251e+09Termina1.68251e+09
Hilo 1 0Empieza: 1.68251e+09Termina1.68251e+09
Hilo 1 1Empieza: 1.68251e+09Termina1.68251e+09
Hilo 1 1Empieza: 1.68251e+09Termina1.68251e+09
Hilo 1 1Empieza: 1.68251e+09Termina1.68251e+09
Reads

Parser destructor
Reads

Parser destructor
Reads

Parser destructor
Hilo 1 0Empieza: 1.68251e+09Termina1.68251e+09
Reads

Parser destructor
r
-
-
nodeThread: 0 2 
opType: 1 0 0 
pData: 1
nodePVector: 0 2 
tamPVector: 209715200 209715200 
nodeSVector: 0 
tamSVector: 209715200 
SvectorPerThread: 0 0 
numSElmProc: 209715200 209715200 

r
-
-
nodeThread: 0 2 
opType: 1 0 0 
pData: 1
nodePVector: 0 2 
tamPVector: 209715200 209715200 
nodeSVector: 0 
tamSVector: 209715200 
SvectorPerThread: 0 0 
numSElmProc: 209715200 209715200 

r
-
-
nodeThread: 0 2 
opType: 1 0 0 
pData: 1
nodePVector: 0 2 
tamPVector: 209715200 209715200 
nodeSVector: 0 
tamSVector: 209715200 
SvectorPerThread: 0 0 
numSElmProc: 209715200 209715200 

r
-
-
nodeThread: 0 2 
opType: 1 0 0 
pData: 1
nodePVector: 0 2 
tamPVector: 209715200 209715200 
nodeSVector: 0 
tamSVector: 209715200 
SvectorPerThread: 0 0 
numSElmProc: 209715200 209715200 

Hilo 1 0Empieza: 1.68251e+09Termina1.68251e+09
Hilo 1 0Empieza: 1.68251e+09Termina1.68251e+09
Hilo 1 0Empieza: 1.68251e+09Termina1.68251e+09
Hilo 1 1Empieza: 1.68251e+09Termina1.68251e+09
Hilo 1 1Empieza: 1.68251e+09Termina1.68251e+09
Hilo 1 1Empieza: 1.68251e+09Termina1.68251e+09
Hilo 1 1Empieza: 1.68251e+09Termina1.68251e+09
Reads

Parser destructor
Reads
Reads

Parser destructor

Parser destructor
Hilo 1 0Empieza: 1.68251e+09Termina1.68251e+09
Reads

Parser destructor
r
-
-
r
-
-
nodeThread: 0 2 
opType: 1 0 0 
pData: 1
nodePVector: 0 2 
tamPVector: 209715200 209715200 
nodeSVector: 0 
tamSVector: 209715200 
SvectorPerThread: 0 0 
nodeThread: 0 2 
opType: 1 0 0 
pData: 1
nodePVector: 0 2 
numSElmProc: 209715200 209715200 

tamPVector: 209715200 209715200 
nodeSVector: 0 
tamSVector: 209715200 
SvectorPerThread: 0 0 
numSElmProc: 209715200 209715200 

r
-
-
r
-
-
nodeThread: 0 2 
opType: 1 0 0 
pData: 1
nodePVector: 0 2 
tamPVector: 209715200 209715200 
nodeSVector: 0 
tamSVector: 209715200 
SvectorPerThread: 0 0 
numSElmProc: 209715200 209715200 

nodeThread: 0 2 
opType: 1 0 0 
pData: 1
nodePVector: 0 2 
tamPVector: 209715200 209715200 
nodeSVector: 0 
tamSVector: 209715200 
SvectorPerThread: 0 0 
numSElmProc: 209715200 209715200 

Hilo 1 0Empieza: 1682509297.704869032Termina1682509299.699506998
Hilo 1 0Empieza: 1682509297.735379934Termina1682509299.973280907
Hilo 1 0Empieza: 1682509297.736309052Termina1682509299.976155996
Hilo 1 1Empieza: 1682509297.994677067Termina1682509300.072206020
Hilo 1 1Empieza: 1682509297.704869032Termina1682509300.828083038
Hilo 1 1Empieza: 1682509297.736309052Termina1682509301.119535923
Hilo 1 1Empieza: 1682509297.735379934Termina1682509301.156385899
Reads

Parser destructor
Reads
Reads

Parser destructor

Parser destructor
Hilo 1 0Empieza: 1682509297.994680882Termina1682509307.182425976
Reads

Parser destructor
r
-
-
r
-
-
nodeThread: 0 2 
opType: 1 0 0 
pData: 1
nodePVector: 0 2 
tamPVector: 209715200 209715200 
nodeSVector: 0 
tamSVector: 209715200 
SvectorPerThread: 0 0 
numSElmProc: 209715200 209715200 

nodeThread: 0 2 
opType: 1 0 0 
pData: 1
nodePVector: 0 2 
tamPVector: 209715200 209715200 
nodeSVector: 0 
tamSVector: 209715200 
SvectorPerThread: 0 0 
numSElmProc: 209715200 209715200 

r
-
-
nodeThread: 0 2 
opType: 1 0 0 
pData: 1
nodePVector: 0 2 
tamPVector: 209715200 209715200 
nodeSVector: 0 
tamSVector: 209715200 
SvectorPerThread: 0 0 
numSElmProc: 209715200 209715200 

r
-
-
nodeThread: 0 2 
opType: 1 0 0 
pData: 1
nodePVector: 0 2 
tamPVector: 209715200 209715200 
nodeSVector: 0 
tamSVector: 209715200 
SvectorPerThread: 0 0 
numSElmProc: 209715200 209715200 

Hilo 1 0Empieza: 1682509319.993235111Termina1682509321.973165989
Hilo 1 1Empieza: 1682509319.995474100Termina1682509322.215565920
Hilo 1 0Empieza: 1682509319.988707066Termina1682509322.272264004
Hilo 1 1Empieza: 1682509320.276602030Termina1682509322.302361965
Hilo 1 0Empieza: 1682509319.995471954Termina1682509322.306085110
Hilo 1 1Empieza: 1682509319.993235111Termina1682509323.088721037
Hilo 1 1Empieza: 1682509319.988707066Termina1682509323.309222937
Reads

Parser destructor
Reads

Parser destructor
Reads

Parser destructor
Hilo 1 0Empieza: 1682509320.276599884Termina1682509329.491815090
Reads

Parser destructor
r
-
-
nodeThread: 0 2 
opType: 1 0 0 
pData: 1
nodePVector: 0 2 
tamPVector: 209715200 209715200 
nodeSVector: 0 
tamSVector: 209715200 
SvectorPerThread: 0 0 
numSElmProc: 209715200 209715200 

r
-
-
nodeThread: 0 2 
opType: 1 0 0 
pData: 1
nodePVector: 0 2 
tamPVector: 209715200 209715200 
nodeSVector: 0 
tamSVector: 209715200 
SvectorPerThread: 0 0 
numSElmProc: 209715200 209715200 

r
-
-
nodeThread: 0 2 
opType: 1 0 0 
pData: 1
nodePVector: 0 2 
tamPVector: 209715200 209715200 
nodeSVector: 0 
tamSVector: 209715200 
SvectorPerThread: 0 0 
numSElmProc: 209715200 209715200 

r
-
-
nodeThread: 0 2 
opType: 1 0 0 
pData: 1
nodePVector: 0 2 
tamPVector: 209715200 209715200 
nodeSVector: 0 
tamSVector: 209715200 
SvectorPerThread: 0 0 
numSElmProc: 209715200 209715200 

Hilo 1 0Empieza: 1682509341.810048103Termina1682509343.797238111
Hilo 1 0Empieza: 1682509341.843157053Termina1682509344.095830917
Hilo 1 0Empieza: 1682509341.854393959Termina1682509344.141777039
Hilo 1 1Empieza: 1682509342.120918036Termina1682509344.198535919
Hilo 1 1Empieza: 1682509341.810046911Termina1682509344.905400991
Hilo 1 1Empieza: 1682509341.843156099Termina1682509345.241761923
Hilo 1 1Empieza: 1682509341.854393959Termina1682509345.253163099
Reads

Parser destructor
Reads
Reads

Parser destructor

Parser destructor
Hilo 1 0Empieza: 1682509342.120918036Termina1682509351.281352997
Reads

Parser destructor
r
-
-
r
-
-
r
-
-
nodeThread: 0 2 
opType: 1 0 0 
pData: 1
nodePVector: 0 2 
tamPVector: 209715200 209715200 
nodeSVector: 0 
tamSVector: 209715200 
SvectorPerThread: 0 0 
numSElmProc: 209715200 209715200 

r
-
-
nodeThread: 0 2 
opType: 1 0 0 
pData: 1
nodePVector: 0 2 
tamPVector: 209715200 209715200 
nodeSVector: 0 
tamSVector: 209715200 
SvectorPerThread: 0 0 
numSElmProc: 209715200 209715200 

nodeThread: 0 2 
opType: 1 0 0 
pData: 1
nodePVector: 0 2 
tamPVector: 209715200 209715200 
nodeSVector: 0 
tamSVector: 209715200 
SvectorPerThread: 0 0 
numSElmProc: 209715200 209715200 

nodeThread: 0 2 
opType: 1 0 0 
pData: 1
nodePVector: 0 2 
tamPVector: 209715200 209715200 
nodeSVector: 0 
tamSVector: 209715200 
SvectorPerThread: 0 0 
numSElmProc: 209715200 209715200 

Hilo 1 0Empieza: 1682509363.950308084Termina1682509365.947153091
Hilo 1 0Empieza: 1682509363.962716103Termina1682509366.176295042
Hilo 1 0Empieza: 1682509363.962517977Termina1682509366.225936890
Hilo 1 1Empieza: 1682509364.213757992Termina1682509366.272387028
Hilo 1 1Empieza: 1682509363.950308084Termina1682509367.075562000
Hilo 1 1Empieza: 1682509363.962517977Termina1682509367.371722937
Hilo 1 1Empieza: 1682509363.962714911Termina1682509367.385078907
Reads

Parser destructor
Reads
Reads

Parser destructor

Parser destructor
Hilo 1 0Empieza: 1682509364.213757992Termina1682509373.434149027
Reads

Parser destructor
r
-
-
nodeThread: 0 2 
opType: 1 0 0 
pData: 1
nodePVector: 0 2 
tamPVector: 209715200 209715200 
nodeSVector: 0 
tamSVector: 209715200 
SvectorPerThread: 0 0 
numSElmProc: 209715200 209715200 

r
-
-
nodeThread: 0 2 
opType: 1 0 0 
pData: 1
r
-
-
nodePVector: 0 2 
tamPVector: 209715200 209715200 
nodeSVector: 0 
tamSVector: 209715200 
SvectorPerThread: 0 0 
numSElmProc: 209715200 209715200 

nodeThread: 0 2 
opType: 1 0 0 
pData: 1
nodePVector: 0 2 
tamPVector: 209715200 209715200 
nodeSVector: 0 
tamSVector: 209715200 
SvectorPerThread: 0 0 
numSElmProc: 209715200 209715200 

r
-
-
nodeThread: 0 2 
opType: 1 0 0 
pData: 1
nodePVector: 0 2 
tamPVector: 209715200 209715200 
nodeSVector: 0 
tamSVector: 209715200 
SvectorPerThread: 0 0 
numSElmProc: 209715200 209715200 

Hilo 1 0Empieza: 1682509385.598818064Termina1682509387.594433069
Hilo 1 0Empieza: 1682509385.631978035Termina1682509387.872143030
Hilo 1 0Empieza: 1682509385.650331020Termina1682509387.875085115
Hilo 1 1Empieza: 1682509385.852130890Termina1682509387.936964035
Hilo 1 1Empieza: 1682509385.598818064Termina1682509388.693811893
Hilo 1 1Empieza: 1682509385.631977081Termina1682509389.007214069
Hilo 1 1Empieza: 1682509385.650331020Termina1682509389.061367035
Reads

Parser destructor
Reads
Reads

Parser destructor

Parser destructor
Hilo 1 0Empieza: 1682509385.852130890Termina1682509395.014831066
Reads

Parser destructor
r
-
-
nodeThread: 0 2 
opType: 1 0 0 
pData: 1
nodePVector: 0 2 
tamPVector: 209715200 209715200 
nodeSVector: 0 
tamSVector: 209715200 
SvectorPerThread: 0 0 
numSElmProc: 209715200 209715200 

r
-
-
nodeThread: 0 2 
opType: 1 0 0 
pData: 1
nodePVector: 0 2 
tamPVector: 209715200 209715200 
nodeSVector: 0 
tamSVector: 209715200 
SvectorPerThread: 0 0 
numSElmProc: 209715200 209715200 

r
-
-
nodeThread: 0 2 
opType: 1 0 0 
pData: 1
nodePVector: 0 2 
tamPVector: 209715200 209715200 
nodeSVector: 0 
tamSVector: 209715200 
SvectorPerThread: 0 0 
numSElmProc: 209715200 209715200 

r
-
-
nodeThread: 0 2 
opType: 1 0 0 
pData: 1
nodePVector: 0 2 
tamPVector: 209715200 209715200 
nodeSVector: 0 
tamSVector: 209715200 
SvectorPerThread: 0 0 
numSElmProc: 209715200 209715200 

Hilo 1 0Empieza: 1682509407.297213078Termina1682509409.274039030
Hilo 1 0Empieza: 1682509407.316948891Termina1682509409.559139013
Hilo 1 0Empieza: 1682509407.341255903Termina1682509409.576457024
Hilo 1 1Empieza: 1682509407.584280968Termina1682509409.676078081
Hilo 1 1Empieza: 1682509407.297213078Termina1682509410.390261889
Hilo 1 1Empieza: 1682509407.316948891Termina1682509410.716557026
Hilo 1 1Empieza: 1682509407.341255903Termina1682509410.753990889
Reads

Parser destructor
Reads
Reads

Parser destructor

Parser destructor
Hilo 1 0Empieza: 1682509407.584281921Termina1682509416.852685928
Reads

Parser destructor
r
-
-
nodeThread: 0 2 
opType: 1 0 0 
pData: 1
nodePVector: 0 2 
tamPVector: 209715200 209715200 
nodeSVector: 0 
tamSVector: 209715200 
SvectorPerThread: 0 0 
numSElmProc: 209715200 209715200 

r
-
-
nodeThread: 0 2 
opType: 1 0 0 
pData: 1
nodePVector: 0 2 
tamPVector: 209715200 209715200 
nodeSVector: 0 
tamSVector: 209715200 
SvectorPerThread: 0 0 
numSElmProc: 209715200 209715200 

r
-
-
nodeThread: 0 2 
opType: 1 0 0 
pData: 1
nodePVector: 0 2 
tamPVector: 209715200 209715200 
nodeSVector: 0 
tamSVector: 209715200 
SvectorPerThread: 0 0 
numSElmProc: 209715200 209715200 

r
-
-
nodeThread: 0 2 
opType: 1 0 0 
pData: 1
nodePVector: 0 2 
tamPVector: 209715200 209715200 
nodeSVector: 0 
tamSVector: 209715200 
SvectorPerThread: 0 0 
numSElmProc: 209715200 209715200 

Hilo 1 0Empieza: 1682509429.095087051Termina1682509431.083343983
Hilo 1 0Empieza: 1682509429.106736898Termina1682509431.313512087
Hilo 1 0Empieza: 1682509429.115499020Termina1682509431.340636015
Hilo 1 1Empieza: 1682509429.366975069Termina1682509431.440376043
Hilo 1 1Empieza: 1682509429.095087051Termina1682509432.189877033
Hilo 1 1Empieza: 1682509429.106736898Termina1682509432.483978987
Hilo 1 1Empieza: 1682509429.115499020Termina1682509432.530277967
Reads

Parser destructor
Reads
Reads

Parser destructor

Parser destructor
Hilo 1 0Empieza: 1682509429.366975069Termina1682509438.671840906
Reads

Parser destructor
