[H[2J[3Jaffinity.cpp: In member function ‘int Thread_array::read_private(vectorSize)’:
affinity.cpp:159:60: error: no match for ‘operator<<’ (operand types are ‘std::basic_ostream<char>’ and ‘std::chrono::time_point<std::chrono::_V2::system_clock, std::chrono::duration<long int, std::ratio<1, 1000000000> > >’)
  159 |    cout << "Hilo 1 "<< omp_get_thread_num() << "Empieza: " << start << "Termina"  << end <<  endl;
      |    ~~~~~~~~~~~~~~~~~~~~~~~~~~~~~~~~~~~~~~~~~~~~~~~~~~~~~~~ ^~ ~~~~~
      |                                             |                 |
      |                                             |                 std::chrono::time_point<std::chrono::_V2::system_clock, std::chrono::duration<long int, std::ratio<1, 1000000000> > >
      |                                             std::basic_ostream<char>
In file included from /mnt/netapp1/Optcesga_FT2_RHEL7/2020/gentoo/22072020/usr/lib/gcc/x86_64-pc-linux-gnu/10.1.0/include/g++-v10/iostream:39,
                 from affinity.cpp:2:
/mnt/netapp1/Optcesga_FT2_RHEL7/2020/gentoo/22072020/usr/lib/gcc/x86_64-pc-linux-gnu/10.1.0/include/g++-v10/ostream:108:7: note: candidate: ‘std::basic_ostream<_CharT, _Traits>::__ostream_type& std::basic_ostream<_CharT, _Traits>::operator<<(std::basic_ostream<_CharT, _Traits>::__ostream_type& (*)(std::basic_ostream<_CharT, _Traits>::__ostream_type&)) [with _CharT = char; _Traits = std::char_traits<char>; std::basic_ostream<_CharT, _Traits>::__ostream_type = std::basic_ostream<char>]’
  108 |       operator<<(__ostream_type& (*__pf)(__ostream_type&))
      |       ^~~~~~~~
/mnt/netapp1/Optcesga_FT2_RHEL7/2020/gentoo/22072020/usr/lib/gcc/x86_64-pc-linux-gnu/10.1.0/include/g++-v10/ostream:108:36: note:   no known conversion for argument 1 from ‘std::chrono::time_point<std::chrono::_V2::system_clock, std::chrono::duration<long int, std::ratio<1, 1000000000> > >’ to ‘std::basic_ostream<char>::__ostream_type& (*)(std::basic_ostream<char>::__ostream_type&)’ {aka ‘std::basic_ostream<char>& (*)(std::basic_ostream<char>&)’}
  108 |       operator<<(__ostream_type& (*__pf)(__ostream_type&))
      |                  ~~~~~~~~~~~~~~~~~~^~~~~~~~~~~~~~~~~~~~~~
/mnt/netapp1/Optcesga_FT2_RHEL7/2020/gentoo/22072020/usr/lib/gcc/x86_64-pc-linux-gnu/10.1.0/include/g++-v10/ostream:117:7: note: candidate: ‘std::basic_ostream<_CharT, _Traits>::__ostream_type& std::basic_ostream<_CharT, _Traits>::operator<<(std::basic_ostream<_CharT, _Traits>::__ios_type& (*)(std::basic_ostream<_CharT, _Traits>::__ios_type&)) [with _CharT = char; _Traits = std::char_traits<char>; std::basic_ostream<_CharT, _Traits>::__ostream_type = std::basic_ostream<char>; std::basic_ostream<_CharT, _Traits>::__ios_type = std::basic_ios<char>]’
  117 |       operator<<(__ios_type& (*__pf)(__ios_type&))
      |       ^~~~~~~~
/mnt/netapp1/Optcesga_FT2_RHEL7/2020/gentoo/22072020/usr/lib/gcc/x86_64-pc-linux-gnu/10.1.0/include/g++-v10/ostream:117:32: note:   no known conversion for argument 1 from ‘std::chrono::time_point<std::chrono::_V2::system_clock, std::chrono::duration<long int, std::ratio<1, 1000000000> > >’ to ‘std::basic_ostream<char>::__ios_type& (*)(std::basic_ostream<char>::__ios_type&)’ {aka ‘std::basic_ios<char>& (*)(std::basic_ios<char>&)’}
  117 |       operator<<(__ios_type& (*__pf)(__ios_type&))
      |                  ~~~~~~~~~~~~~~^~~~~~~~~~~~~~~~~~
/mnt/netapp1/Optcesga_FT2_RHEL7/2020/gentoo/22072020/usr/lib/gcc/x86_64-pc-linux-gnu/10.1.0/include/g++-v10/ostream:127:7: note: candidate: ‘std::basic_ostream<_CharT, _Traits>::__ostream_type& std::basic_ostream<_CharT, _Traits>::operator<<(std::ios_base& (*)(std::ios_base&)) [with _CharT = char; _Traits = std::char_traits<char>; std::basic_ostream<_CharT, _Traits>::__ostream_type = std::basic_ostream<char>]’
  127 |       operator<<(ios_base& (*__pf) (ios_base&))
      |       ^~~~~~~~
/mnt/netapp1/Optcesga_FT2_RHEL7/2020/gentoo/22072020/usr/lib/gcc/x86_64-pc-linux-gnu/10.1.0/include/g++-v10/ostream:127:30: note:   no known conversion for argument 1 from ‘std::chrono::time_point<std::chrono::_V2::system_clock, std::chrono::duration<long int, std::ratio<1, 1000000000> > >’ to ‘std::ios_base& (*)(std::ios_base&)’
  127 |       operator<<(ios_base& (*__pf) (ios_base&))
      |                  ~~~~~~~~~~~~^~~~~~~~~~~~~~~~~
/mnt/netapp1/Optcesga_FT2_RHEL7/2020/gentoo/22072020/usr/lib/gcc/x86_64-pc-linux-gnu/10.1.0/include/g++-v10/ostream:166:7: note: candidate: ‘std::basic_ostream<_CharT, _Traits>::__ostream_type& std::basic_ostream<_CharT, _Traits>::operator<<(long int) [with _CharT = char; _Traits = std::char_traits<char>; std::basic_ostream<_CharT, _Traits>::__ostream_type = std::basic_ostream<char>]’
  166 |       operator<<(long __n)
      |       ^~~~~~~~
/mnt/netapp1/Optcesga_FT2_RHEL7/2020/gentoo/22072020/usr/lib/gcc/x86_64-pc-linux-gnu/10.1.0/include/g++-v10/ostream:166:23: note:   no known conversion for argument 1 from ‘std::chrono::time_point<std::chrono::_V2::system_clock, std::chrono::duration<long int, std::ratio<1, 1000000000> > >’ to ‘long int’
  166 |       operator<<(long __n)
      |                  ~~~~~^~~
/mnt/netapp1/Optcesga_FT2_RHEL7/2020/gentoo/22072020/usr/lib/gcc/x86_64-pc-linux-gnu/10.1.0/include/g++-v10/ostream:170:7: note: candidate: ‘std::basic_ostream<_CharT, _Traits>::__ostream_type& std::basic_ostream<_CharT, _Traits>::operator<<(long unsigned int) [with _CharT = char; _Traits = std::char_traits<char>; std::basic_ostream<_CharT, _Traits>::__ostream_type = std::basic_ostream<char>]’
  170 |       operator<<(unsigned long __n)
      |       ^~~~~~~~
/mnt/netapp1/Optcesga_FT2_RHEL7/2020/gentoo/22072020/usr/lib/gcc/x86_64-pc-linux-gnu/10.1.0/include/g++-v10/ostream:170:32: note:   no known conversion for argument 1 from ‘std::chrono::time_point<std::chrono::_V2::system_clock, std::chrono::duration<long int, std::ratio<1, 1000000000> > >’ to ‘long unsigned int’
  170 |       operator<<(unsigned long __n)
      |                  ~~~~~~~~~~~~~~^~~
/mnt/netapp1/Optcesga_FT2_RHEL7/2020/gentoo/22072020/usr/lib/gcc/x86_64-pc-linux-gnu/10.1.0/include/g++-v10/ostream:174:7: note: candidate: ‘std::basic_ostream<_CharT, _Traits>::__ostream_type& std::basic_ostream<_CharT, _Traits>::operator<<(bool) [with _CharT = char; _Traits = std::char_traits<char>; std::basic_ostream<_CharT, _Traits>::__ostream_type = std::basic_ostream<char>]’
  174 |       operator<<(bool __n)
      |       ^~~~~~~~
/mnt/netapp1/Optcesga_FT2_RHEL7/2020/gentoo/22072020/usr/lib/gcc/x86_64-pc-linux-gnu/10.1.0/include/g++-v10/ostream:174:23: note:   no known conversion for argument 1 from ‘std::chrono::time_point<std::chrono::_V2::system_clock, std::chrono::duration<long int, std::ratio<1, 1000000000> > >’ to ‘bool’
  174 |       operator<<(bool __n)
      |                  ~~~~~^~~
In file included from /mnt/netapp1/Optcesga_FT2_RHEL7/2020/gentoo/22072020/usr/lib/gcc/x86_64-pc-linux-gnu/10.1.0/include/g++-v10/ostream:784,
                 from /mnt/netapp1/Optcesga_FT2_RHEL7/2020/gentoo/22072020/usr/lib/gcc/x86_64-pc-linux-gnu/10.1.0/include/g++-v10/iostream:39,
                 from affinity.cpp:2:
/mnt/netapp1/Optcesga_FT2_RHEL7/2020/gentoo/22072020/usr/lib/gcc/x86_64-pc-linux-gnu/10.1.0/include/g++-v10/bits/ostream.tcc:91:5: note: candidate: ‘std::basic_ostream<_CharT, _Traits>& std::basic_ostream<_CharT, _Traits>::operator<<(short int) [with _CharT = char; _Traits = std::char_traits<char>]’
   91 |     basic_ostream<_CharT, _Traits>::
      |     ^~~~~~~~~~~~~~~~~~~~~~~~~~~~~~
/mnt/netapp1/Optcesga_FT2_RHEL7/2020/gentoo/22072020/usr/lib/gcc/x86_64-pc-linux-gnu/10.1.0/include/g++-v10/bits/ostream.tcc:92:22: note:   no known conversion for argument 1 from ‘std::chrono::time_point<std::chrono::_V2::system_clock, std::chrono::duration<long int, std::ratio<1, 1000000000> > >’ to ‘short int’
   92 |     operator<<(short __n)
      |                ~~~~~~^~~
In file included from /mnt/netapp1/Optcesga_FT2_RHEL7/2020/gentoo/22072020/usr/lib/gcc/x86_64-pc-linux-gnu/10.1.0/include/g++-v10/iostream:39,
                 from affinity.cpp:2:
/mnt/netapp1/Optcesga_FT2_RHEL7/2020/gentoo/22072020/usr/lib/gcc/x86_64-pc-linux-gnu/10.1.0/include/g++-v10/ostream:181:7: note: candidate: ‘std::basic_ostream<_CharT, _Traits>::__ostream_type& std::basic_ostream<_CharT, _Traits>::operator<<(short unsigned int) [with _CharT = char; _Traits = std::char_traits<char>; std::basic_ostream<_CharT, _Traits>::__ostream_type = std::basic_ostream<char>]’
  181 |       operator<<(unsigned short __n)
      |       ^~~~~~~~
/mnt/netapp1/Optcesga_FT2_RHEL7/2020/gentoo/22072020/usr/lib/gcc/x86_64-pc-linux-gnu/10.1.0/include/g++-v10/ostream:181:33: note:   no known conversion for argument 1 from ‘std::chrono::time_point<std::chrono::_V2::system_clock, std::chrono::duration<long int, std::ratio<1, 1000000000> > >’ to ‘short unsigned int’
  181 |       operator<<(unsigned short __n)
      |                  ~~~~~~~~~~~~~~~^~~
In file included from /mnt/netapp1/Optcesga_FT2_RHEL7/2020/gentoo/22072020/usr/lib/gcc/x86_64-pc-linux-gnu/10.1.0/include/g++-v10/ostream:784,
                 from /mnt/netapp1/Optcesga_FT2_RHEL7/2020/gentoo/22072020/usr/lib/gcc/x86_64-pc-linux-gnu/10.1.0/include/g++-v10/iostream:39,
                 from affinity.cpp:2:
/mnt/netapp1/Optcesga_FT2_RHEL7/2020/gentoo/22072020/usr/lib/gcc/x86_64-pc-linux-gnu/10.1.0/include/g++-v10/bits/ostream.tcc:105:5: note: candidate: ‘std::basic_ostream<_CharT, _Traits>& std::basic_ostream<_CharT, _Traits>::operator<<(int) [with _CharT = char; _Traits = std::char_traits<char>]’
  105 |     basic_ostream<_CharT, _Traits>::
      |     ^~~~~~~~~~~~~~~~~~~~~~~~~~~~~~
/mnt/netapp1/Optcesga_FT2_RHEL7/2020/gentoo/22072020/usr/lib/gcc/x86_64-pc-linux-gnu/10.1.0/include/g++-v10/bits/ostream.tcc:106:20: note:   no known conversion for argument 1 from ‘std::chrono::time_point<std::chrono::_V2::system_clock, std::chrono::duration<long int, std::ratio<1, 1000000000> > >’ to ‘int’
  106 |     operator<<(int __n)
      |                ~~~~^~~
In file included from /mnt/netapp1/Optcesga_FT2_RHEL7/2020/gentoo/22072020/usr/lib/gcc/x86_64-pc-linux-gnu/10.1.0/include/g++-v10/iostream:39,
                 from affinity.cpp:2:
/mnt/netapp1/Optcesga_FT2_RHEL7/2020/gentoo/22072020/usr/lib/gcc/x86_64-pc-linux-gnu/10.1.0/include/g++-v10/ostream:192:7: note: candidate: ‘std::basic_ostream<_CharT, _Traits>::__ostream_type& std::basic_ostream<_CharT, _Traits>::operator<<(unsigned int) [with _CharT = char; _Traits = std::char_traits<char>; std::basic_ostream<_CharT, _Traits>::__ostream_type = std::basic_ostream<char>]’
  192 |       operator<<(unsigned int __n)
      |       ^~~~~~~~
/mnt/netapp1/Optcesga_FT2_RHEL7/2020/gentoo/22072020/usr/lib/gcc/x86_64-pc-linux-gnu/10.1.0/include/g++-v10/ostream:192:31: note:   no known conversion for argument 1 from ‘std::chrono::time_point<std::chrono::_V2::system_clock, std::chrono::duration<long int, std::ratio<1, 1000000000> > >’ to ‘unsigned int’
  192 |       operator<<(unsigned int __n)
      |                  ~~~~~~~~~~~~~^~~
/mnt/netapp1/Optcesga_FT2_RHEL7/2020/gentoo/22072020/usr/lib/gcc/x86_64-pc-linux-gnu/10.1.0/include/g++-v10/ostream:201:7: note: candidate: ‘std::basic_ostream<_CharT, _Traits>::__ostream_type& std::basic_ostream<_CharT, _Traits>::operator<<(long long int) [with _CharT = char; _Traits = std::char_traits<char>; std::basic_ostream<_CharT, _Traits>::__ostream_type = std::basic_ostream<char>]’
  201 |       operator<<(long long __n)
      |       ^~~~~~~~
/mnt/netapp1/Optcesga_FT2_RHEL7/2020/gentoo/22072020/usr/lib/gcc/x86_64-pc-linux-gnu/10.1.0/include/g++-v10/ostream:201:28: note:   no known conversion for argument 1 from ‘std::chrono::time_point<std::chrono::_V2::system_clock, std::chrono::duration<long int, std::ratio<1, 1000000000> > >’ to ‘long long int’
  201 |       operator<<(long long __n)
      |                  ~~~~~~~~~~^~~
/mnt/netapp1/Optcesga_FT2_RHEL7/2020/gentoo/22072020/usr/lib/gcc/x86_64-pc-linux-gnu/10.1.0/include/g++-v10/ostream:205:7: note: candidate: ‘std::basic_ostream<_CharT, _Traits>::__ostream_type& std::basic_ostream<_CharT, _Traits>::operator<<(long long unsigned int) [with _CharT = char; _Traits = std::char_traits<char>; std::basic_ostream<_CharT, _Traits>::__ostream_type = std::basic_ostream<char>]’
  205 |       operator<<(unsigned long long __n)
      |       ^~~~~~~~
/mnt/netapp1/Optcesga_FT2_RHEL7/2020/gentoo/22072020/usr/lib/gcc/x86_64-pc-linux-gnu/10.1.0/include/g++-v10/ostream:205:37: note:   no known conversion for argument 1 from ‘std::chrono::time_point<std::chrono::_V2::system_clock, std::chrono::duration<long int, std::ratio<1, 1000000000> > >’ to ‘long long unsigned int’
  205 |       operator<<(unsigned long long __n)
      |                  ~~~~~~~~~~~~~~~~~~~^~~
/mnt/netapp1/Optcesga_FT2_RHEL7/2020/gentoo/22072020/usr/lib/gcc/x86_64-pc-linux-gnu/10.1.0/include/g++-v10/ostream:220:7: note: candidate: ‘std::basic_ostream<_CharT, _Traits>::__ostream_type& std::basic_ostream<_CharT, _Traits>::operator<<(double) [with _CharT = char; _Traits = std::char_traits<char>; std::basic_ostream<_CharT, _Traits>::__ostream_type = std::basic_ostream<char>]’
  220 |       operator<<(double __f)
      |       ^~~~~~~~
/mnt/netapp1/Optcesga_FT2_RHEL7/2020/gentoo/22072020/usr/lib/gcc/x86_64-pc-linux-gnu/10.1.0/include/g++-v10/ostream:220:25: note:   no known conversion for argument 1 from ‘std::chrono::time_point<std::chrono::_V2::system_clock, std::chrono::duration<long int, std::ratio<1, 1000000000> > >’ to ‘double’
  220 |       operator<<(double __f)
      |                  ~~~~~~~^~~
/mnt/netapp1/Optcesga_FT2_RHEL7/2020/gentoo/22072020/usr/lib/gcc/x86_64-pc-linux-gnu/10.1.0/include/g++-v10/ostream:224:7: note: candidate: ‘std::basic_ostream<_CharT, _Traits>::__ostream_type& std::basic_ostream<_CharT, _Traits>::operator<<(float) [with _CharT = char; _Traits = std::char_traits<char>; std::basic_ostream<_CharT, _Traits>::__ostream_type = std::basic_ostream<char>]’
  224 |       operator<<(float __f)
      |       ^~~~~~~~
/mnt/netapp1/Optcesga_FT2_RHEL7/2020/gentoo/22072020/usr/lib/gcc/x86_64-pc-linux-gnu/10.1.0/include/g++-v10/ostream:224:24: note:   no known conversion for argument 1 from ‘std::chrono::time_point<std::chrono::_V2::system_clock, std::chrono::duration<long int, std::ratio<1, 1000000000> > >’ to ‘float’
  224 |       operator<<(float __f)
      |                  ~~~~~~^~~
/mnt/netapp1/Optcesga_FT2_RHEL7/2020/gentoo/22072020/usr/lib/gcc/x86_64-pc-linux-gnu/10.1.0/include/g++-v10/ostream:232:7: note: candidate: ‘std::basic_ostream<_CharT, _Traits>::__ostream_type& std::basic_ostream<_CharT, _Traits>::operator<<(long double) [with _CharT = char; _Traits = std::char_traits<char>; std::basic_ostream<_CharT, _Traits>::__ostream_type = std::basic_ostream<char>]’
  232 |       operator<<(long double __f)
      |       ^~~~~~~~
/mnt/netapp1/Optcesga_FT2_RHEL7/2020/gentoo/22072020/usr/lib/gcc/x86_64-pc-linux-gnu/10.1.0/include/g++-v10/ostream:232:30: note:   no known conversion for argument 1 from ‘std::chrono::time_point<std::chrono::_V2::system_clock, std::chrono::duration<long int, std::ratio<1, 1000000000> > >’ to ‘long double’
  232 |       operator<<(long double __f)
      |                  ~~~~~~~~~~~~^~~
/mnt/netapp1/Optcesga_FT2_RHEL7/2020/gentoo/22072020/usr/lib/gcc/x86_64-pc-linux-gnu/10.1.0/include/g++-v10/ostream:245:7: note: candidate: ‘std::basic_ostream<_CharT, _Traits>::__ostream_type& std::basic_ostream<_CharT, _Traits>::operator<<(const void*) [with _CharT = char; _Traits = std::char_traits<char>; std::basic_ostream<_CharT, _Traits>::__ostream_type = std::basic_ostream<char>]’
  245 |       operator<<(const void* __p)
      |       ^~~~~~~~
/mnt/netapp1/Optcesga_FT2_RHEL7/2020/gentoo/22072020/usr/lib/gcc/x86_64-pc-linux-gnu/10.1.0/include/g++-v10/ostream:245:30: note:   no known conversion for argument 1 from ‘std::chrono::time_point<std::chrono::_V2::system_clock, std::chrono::duration<long int, std::ratio<1, 1000000000> > >’ to ‘const void*’
  245 |       operator<<(const void* __p)
      |                  ~~~~~~~~~~~~^~~
In file included from /mnt/netapp1/Optcesga_FT2_RHEL7/2020/gentoo/22072020/usr/lib/gcc/x86_64-pc-linux-gnu/10.1.0/include/g++-v10/ostream:784,
                 from /mnt/netapp1/Optcesga_FT2_RHEL7/2020/gentoo/22072020/usr/lib/gcc/x86_64-pc-linux-gnu/10.1.0/include/g++-v10/iostream:39,
                 from affinity.cpp:2:
/mnt/netapp1/Optcesga_FT2_RHEL7/2020/gentoo/22072020/usr/lib/gcc/x86_64-pc-linux-gnu/10.1.0/include/g++-v10/bits/ostream.tcc:119:5: note: candidate: ‘std::basic_ostream<_CharT, _Traits>& std::basic_ostream<_CharT, _Traits>::operator<<(std::basic_ostream<_CharT, _Traits>::__streambuf_type*) [with _CharT = char; _Traits = std::char_traits<char>; std::basic_ostream<_CharT, _Traits>::__streambuf_type = std::basic_streambuf<char>]’
  119 |     basic_ostream<_CharT, _Traits>::
      |     ^~~~~~~~~~~~~~~~~~~~~~~~~~~~~~
/mnt/netapp1/Optcesga_FT2_RHEL7/2020/gentoo/22072020/usr/lib/gcc/x86_64-pc-linux-gnu/10.1.0/include/g++-v10/bits/ostream.tcc:120:34: note:   no known conversion for argument 1 from ‘std::chrono::time_point<std::chrono::_V2::system_clock, std::chrono::duration<long int, std::ratio<1, 1000000000> > >’ to ‘std::basic_ostream<char>::__streambuf_type*’ {aka ‘std::basic_streambuf<char>*’}
  120 |     operator<<(__streambuf_type* __sbin)
      |                ~~~~~~~~~~~~~~~~~~^~~~~~
In file included from /mnt/netapp1/Optcesga_FT2_RHEL7/2020/gentoo/22072020/usr/lib/gcc/x86_64-pc-linux-gnu/10.1.0/include/g++-v10/string:55,
                 from /mnt/netapp1/Optcesga_FT2_RHEL7/2020/gentoo/22072020/usr/lib/gcc/x86_64-pc-linux-gnu/10.1.0/include/g++-v10/bits/locale_classes.h:40,
                 from /mnt/netapp1/Optcesga_FT2_RHEL7/2020/gentoo/22072020/usr/lib/gcc/x86_64-pc-linux-gnu/10.1.0/include/g++-v10/bits/ios_base.h:41,
                 from /mnt/netapp1/Optcesga_FT2_RHEL7/2020/gentoo/22072020/usr/lib/gcc/x86_64-pc-linux-gnu/10.1.0/include/g++-v10/ios:42,
                 from /mnt/netapp1/Optcesga_FT2_RHEL7/2020/gentoo/22072020/usr/lib/gcc/x86_64-pc-linux-gnu/10.1.0/include/g++-v10/ostream:38,
                 from /mnt/netapp1/Optcesga_FT2_RHEL7/2020/gentoo/22072020/usr/lib/gcc/x86_64-pc-linux-gnu/10.1.0/include/g++-v10/iostream:39,
                 from affinity.cpp:2:
/mnt/netapp1/Optcesga_FT2_RHEL7/2020/gentoo/22072020/usr/lib/gcc/x86_64-pc-linux-gnu/10.1.0/include/g++-v10/bits/basic_string.h:6458:5: note: candidate: ‘template<class _CharT, class _Traits, class _Alloc> std::basic_ostream<_CharT, _Traits>& std::operator<<(std::basic_ostream<_CharT, _Traits>&, const std::__cxx11::basic_string<_CharT, _Traits, _Alloc>&)’
 6458 |     operator<<(basic_ostream<_CharT, _Traits>& __os,
      |     ^~~~~~~~
/mnt/netapp1/Optcesga_FT2_RHEL7/2020/gentoo/22072020/usr/lib/gcc/x86_64-pc-linux-gnu/10.1.0/include/g++-v10/bits/basic_string.h:6458:5: note:   template argument deduction/substitution failed:
affinity.cpp:159:63: note:   ‘std::chrono::time_point<std::chrono::_V2::system_clock, std::chrono::duration<long int, std::ratio<1, 1000000000> > >’ is not derived from ‘const std::__cxx11::basic_string<_CharT, _Traits, _Alloc>’
  159 |    cout << "Hilo 1 "<< omp_get_thread_num() << "Empieza: " << start << "Termina"  << end <<  endl;
      |                                                               ^~~~~
In file included from /mnt/netapp1/Optcesga_FT2_RHEL7/2020/gentoo/22072020/usr/lib/gcc/x86_64-pc-linux-gnu/10.1.0/include/g++-v10/bits/ios_base.h:46,
                 from /mnt/netapp1/Optcesga_FT2_RHEL7/2020/gentoo/22072020/usr/lib/gcc/x86_64-pc-linux-gnu/10.1.0/include/g++-v10/ios:42,
                 from /mnt/netapp1/Optcesga_FT2_RHEL7/2020/gentoo/22072020/usr/lib/gcc/x86_64-pc-linux-gnu/10.1.0/include/g++-v10/ostream:38,
                 from /mnt/netapp1/Optcesga_FT2_RHEL7/2020/gentoo/22072020/usr/lib/gcc/x86_64-pc-linux-gnu/10.1.0/include/g++-v10/iostream:39,
                 from affinity.cpp:2:
/mnt/netapp1/Optcesga_FT2_RHEL7/2020/gentoo/22072020/usr/lib/gcc/x86_64-pc-linux-gnu/10.1.0/include/g++-v10/system_error:262:5: note: candidate: ‘template<class _CharT, class _Traits> std::basic_ostream<_CharT, _Traits>& std::operator<<(std::basic_ostream<_CharT, _Traits>&, const std::error_code&)’
  262 |     operator<<(basic_ostream<_CharT, _Traits>& __os, const error_code& __e)
      |     ^~~~~~~~
/mnt/netapp1/Optcesga_FT2_RHEL7/2020/gentoo/22072020/usr/lib/gcc/x86_64-pc-linux-gnu/10.1.0/include/g++-v10/system_error:262:5: note:   template argument deduction/substitution failed:
affinity.cpp:159:63: note:   cannot convert ‘start’ (type ‘std::chrono::time_point<std::chrono::_V2::system_clock, std::chrono::duration<long int, std::ratio<1, 1000000000> > >’) to type ‘const std::error_code&’
  159 |    cout << "Hilo 1 "<< omp_get_thread_num() << "Empieza: " << start << "Termina"  << end <<  endl;
      |                                                               ^~~~~
In file included from /mnt/netapp1/Optcesga_FT2_RHEL7/2020/gentoo/22072020/usr/lib/gcc/x86_64-pc-linux-gnu/10.1.0/include/g++-v10/iostream:39,
                 from affinity.cpp:2:
/mnt/netapp1/Optcesga_FT2_RHEL7/2020/gentoo/22072020/usr/lib/gcc/x86_64-pc-linux-gnu/10.1.0/include/g++-v10/ostream:506:5: note: candidate: ‘template<class _CharT, class _Traits> std::basic_ostream<_CharT, _Traits>& std::operator<<(std::basic_ostream<_CharT, _Traits>&, _CharT)’
  506 |     operator<<(basic_ostream<_CharT, _Traits>& __out, _CharT __c)
      |     ^~~~~~~~
/mnt/netapp1/Optcesga_FT2_RHEL7/2020/gentoo/22072020/usr/lib/gcc/x86_64-pc-linux-gnu/10.1.0/include/g++-v10/ostream:506:5: note:   template argument deduction/substitution failed:
affinity.cpp:159:63: note:   deduced conflicting types for parameter ‘_CharT’ (‘char’ and ‘std::chrono::time_point<std::chrono::_V2::system_clock, std::chrono::duration<long int, std::ratio<1, 1000000000> > >’)
  159 |    cout << "Hilo 1 "<< omp_get_thread_num() << "Empieza: " << start << "Termina"  << end <<  endl;
      |                                                               ^~~~~
In file included from /mnt/netapp1/Optcesga_FT2_RHEL7/2020/gentoo/22072020/usr/lib/gcc/x86_64-pc-linux-gnu/10.1.0/include/g++-v10/iostream:39,
                 from affinity.cpp:2:
/mnt/netapp1/Optcesga_FT2_RHEL7/2020/gentoo/22072020/usr/lib/gcc/x86_64-pc-linux-gnu/10.1.0/include/g++-v10/ostream:511:5: note: candidate: ‘template<class _CharT, class _Traits> std::basic_ostream<_CharT, _Traits>& std::operator<<(std::basic_ostream<_CharT, _Traits>&, char)’
  511 |     operator<<(basic_ostream<_CharT, _Traits>& __out, char __c)
      |     ^~~~~~~~
/mnt/netapp1/Optcesga_FT2_RHEL7/2020/gentoo/22072020/usr/lib/gcc/x86_64-pc-linux-gnu/10.1.0/include/g++-v10/ostream:511:5: note:   template argument deduction/substitution failed:
affinity.cpp:159:63: note:   cannot convert ‘start’ (type ‘std::chrono::time_point<std::chrono::_V2::system_clock, std::chrono::duration<long int, std::ratio<1, 1000000000> > >’) to type ‘char’
  159 |    cout << "Hilo 1 "<< omp_get_thread_num() << "Empieza: " << start << "Termina"  << end <<  endl;
      |                                                               ^~~~~
In file included from /mnt/netapp1/Optcesga_FT2_RHEL7/2020/gentoo/22072020/usr/lib/gcc/x86_64-pc-linux-gnu/10.1.0/include/g++-v10/iostream:39,
                 from affinity.cpp:2:
/mnt/netapp1/Optcesga_FT2_RHEL7/2020/gentoo/22072020/usr/lib/gcc/x86_64-pc-linux-gnu/10.1.0/include/g++-v10/ostream:517:5: note: candidate: ‘template<class _Traits> std::basic_ostream<char, _Traits>& std::operator<<(std::basic_ostream<char, _Traits>&, char)’
  517 |     operator<<(basic_ostream<char, _Traits>& __out, char __c)
      |     ^~~~~~~~
/mnt/netapp1/Optcesga_FT2_RHEL7/2020/gentoo/22072020/usr/lib/gcc/x86_64-pc-linux-gnu/10.1.0/include/g++-v10/ostream:517:5: note:   template argument deduction/substitution failed:
affinity.cpp:159:63: note:   cannot convert ‘start’ (type ‘std::chrono::time_point<std::chrono::_V2::system_clock, std::chrono::duration<long int, std::ratio<1, 1000000000> > >’) to type ‘char’
  159 |    cout << "Hilo 1 "<< omp_get_thread_num() << "Empieza: " << start << "Termina"  << end <<  endl;
      |                                                               ^~~~~
In file included from /mnt/netapp1/Optcesga_FT2_RHEL7/2020/gentoo/22072020/usr/lib/gcc/x86_64-pc-linux-gnu/10.1.0/include/g++-v10/iostream:39,
                 from affinity.cpp:2:
/mnt/netapp1/Optcesga_FT2_RHEL7/2020/gentoo/22072020/usr/lib/gcc/x86_64-pc-linux-gnu/10.1.0/include/g++-v10/ostream:523:5: note: candidate: ‘template<class _Traits> std::basic_ostream<char, _Traits>& std::operator<<(std::basic_ostream<char, _Traits>&, signed char)’
  523 |     operator<<(basic_ostream<char, _Traits>& __out, signed char __c)
      |     ^~~~~~~~
/mnt/netapp1/Optcesga_FT2_RHEL7/2020/gentoo/22072020/usr/lib/gcc/x86_64-pc-linux-gnu/10.1.0/include/g++-v10/ostream:523:5: note:   template argument deduction/substitution failed:
affinity.cpp:159:63: note:   cannot convert ‘start’ (type ‘std::chrono::time_point<std::chrono::_V2::system_clock, std::chrono::duration<long int, std::ratio<1, 1000000000> > >’) to type ‘signed char’
  159 |    cout << "Hilo 1 "<< omp_get_thread_num() << "Empieza: " << start << "Termina"  << end <<  endl;
      |                                                               ^~~~~
In file included from /mnt/netapp1/Optcesga_FT2_RHEL7/2020/gentoo/22072020/usr/lib/gcc/x86_64-pc-linux-gnu/10.1.0/include/g++-v10/iostream:39,
                 from affinity.cpp:2:
/mnt/netapp1/Optcesga_FT2_RHEL7/2020/gentoo/22072020/usr/lib/gcc/x86_64-pc-linux-gnu/10.1.0/include/g++-v10/ostream:528:5: note: candidate: ‘template<class _Traits> std::basic_ostream<char, _Traits>& std::operator<<(std::basic_ostream<char, _Traits>&, unsigned char)’
  528 |     operator<<(basic_ostream<char, _Traits>& __out, unsigned char __c)
      |     ^~~~~~~~
/mnt/netapp1/Optcesga_FT2_RHEL7/2020/gentoo/22072020/usr/lib/gcc/x86_64-pc-linux-gnu/10.1.0/include/g++-v10/ostream:528:5: note:   template argument deduction/substitution failed:
affinity.cpp:159:63: note:   cannot convert ‘start’ (type ‘std::chrono::time_point<std::chrono::_V2::system_clock, std::chrono::duration<long int, std::ratio<1, 1000000000> > >’) to type ‘unsigned char’
  159 |    cout << "Hilo 1 "<< omp_get_thread_num() << "Empieza: " << start << "Termina"  << end <<  endl;
      |                                                               ^~~~~
In file included from /mnt/netapp1/Optcesga_FT2_RHEL7/2020/gentoo/22072020/usr/lib/gcc/x86_64-pc-linux-gnu/10.1.0/include/g++-v10/iostream:39,
                 from affinity.cpp:2:
/mnt/netapp1/Optcesga_FT2_RHEL7/2020/gentoo/22072020/usr/lib/gcc/x86_64-pc-linux-gnu/10.1.0/include/g++-v10/ostream:589:5: note: candidate: ‘template<class _CharT, class _Traits> std::basic_ostream<_CharT, _Traits>& std::operator<<(std::basic_ostream<_CharT, _Traits>&, const _CharT*)’
  589 |     operator<<(basic_ostream<_CharT, _Traits>& __out, const _CharT* __s)
      |     ^~~~~~~~
/mnt/netapp1/Optcesga_FT2_RHEL7/2020/gentoo/22072020/usr/lib/gcc/x86_64-pc-linux-gnu/10.1.0/include/g++-v10/ostream:589:5: note:   template argument deduction/substitution failed:
affinity.cpp:159:63: note:   mismatched types ‘const _CharT*’ and ‘std::chrono::time_point<std::chrono::_V2::system_clock, std::chrono::duration<long int, std::ratio<1, 1000000000> > >’
  159 |    cout << "Hilo 1 "<< omp_get_thread_num() << "Empieza: " << start << "Termina"  << end <<  endl;
      |                                                               ^~~~~
In file included from /mnt/netapp1/Optcesga_FT2_RHEL7/2020/gentoo/22072020/usr/lib/gcc/x86_64-pc-linux-gnu/10.1.0/include/g++-v10/ostream:784,
                 from /mnt/netapp1/Optcesga_FT2_RHEL7/2020/gentoo/22072020/usr/lib/gcc/x86_64-pc-linux-gnu/10.1.0/include/g++-v10/iostream:39,
                 from affinity.cpp:2:
/mnt/netapp1/Optcesga_FT2_RHEL7/2020/gentoo/22072020/usr/lib/gcc/x86_64-pc-linux-gnu/10.1.0/include/g++-v10/bits/ostream.tcc:321:5: note: candidate: ‘template<class _CharT, class _Traits> std::basic_ostream<_CharT, _Traits>& std::operator<<(std::basic_ostream<_CharT, _Traits>&, const char*)’
  321 |     operator<<(basic_ostream<_CharT, _Traits>& __out, const char* __s)
      |     ^~~~~~~~
/mnt/netapp1/Optcesga_FT2_RHEL7/2020/gentoo/22072020/usr/lib/gcc/x86_64-pc-linux-gnu/10.1.0/include/g++-v10/bits/ostream.tcc:321:5: note:   template argument deduction/substitution failed:
affinity.cpp:159:63: note:   cannot convert ‘start’ (type ‘std::chrono::time_point<std::chrono::_V2::system_clock, std::chrono::duration<long int, std::ratio<1, 1000000000> > >’) to type ‘const char*’
  159 |    cout << "Hilo 1 "<< omp_get_thread_num() << "Empieza: " << start << "Termina"  << end <<  endl;
      |                                                               ^~~~~
In file included from /mnt/netapp1/Optcesga_FT2_RHEL7/2020/gentoo/22072020/usr/lib/gcc/x86_64-pc-linux-gnu/10.1.0/include/g++-v10/iostream:39,
                 from affinity.cpp:2:
/mnt/netapp1/Optcesga_FT2_RHEL7/2020/gentoo/22072020/usr/lib/gcc/x86_64-pc-linux-gnu/10.1.0/include/g++-v10/ostream:606:5: note: candidate: ‘template<class _Traits> std::basic_ostream<char, _Traits>& std::operator<<(std::basic_ostream<char, _Traits>&, const char*)’
  606 |     operator<<(basic_ostream<char, _Traits>& __out, const char* __s)
      |     ^~~~~~~~
/mnt/netapp1/Optcesga_FT2_RHEL7/2020/gentoo/22072020/usr/lib/gcc/x86_64-pc-linux-gnu/10.1.0/include/g++-v10/ostream:606:5: note:   template argument deduction/substitution failed:
affinity.cpp:159:63: note:   cannot convert ‘start’ (type ‘std::chrono::time_point<std::chrono::_V2::system_clock, std::chrono::duration<long int, std::ratio<1, 1000000000> > >’) to type ‘const char*’
  159 |    cout << "Hilo 1 "<< omp_get_thread_num() << "Empieza: " << start << "Termina"  << end <<  endl;
      |                                                               ^~~~~
In file included from /mnt/netapp1/Optcesga_FT2_RHEL7/2020/gentoo/22072020/usr/lib/gcc/x86_64-pc-linux-gnu/10.1.0/include/g++-v10/iostream:39,
                 from affinity.cpp:2:
/mnt/netapp1/Optcesga_FT2_RHEL7/2020/gentoo/22072020/usr/lib/gcc/x86_64-pc-linux-gnu/10.1.0/include/g++-v10/ostream:619:5: note: candidate: ‘template<class _Traits> std::basic_ostream<char, _Traits>& std::operator<<(std::basic_ostream<char, _Traits>&, const signed char*)’
  619 |     operator<<(basic_ostream<char, _Traits>& __out, const signed char* __s)
      |     ^~~~~~~~
/mnt/netapp1/Optcesga_FT2_RHEL7/2020/gentoo/22072020/usr/lib/gcc/x86_64-pc-linux-gnu/10.1.0/include/g++-v10/ostream:619:5: note:   template argument deduction/substitution failed:
affinity.cpp:159:63: note:   cannot convert ‘start’ (type ‘std::chrono::time_point<std::chrono::_V2::system_clock, std::chrono::duration<long int, std::ratio<1, 1000000000> > >’) to type ‘const signed char*’
  159 |    cout << "Hilo 1 "<< omp_get_thread_num() << "Empieza: " << start << "Termina"  << end <<  endl;
      |                                                               ^~~~~
In file included from /mnt/netapp1/Optcesga_FT2_RHEL7/2020/gentoo/22072020/usr/lib/gcc/x86_64-pc-linux-gnu/10.1.0/include/g++-v10/iostream:39,
                 from affinity.cpp:2:
/mnt/netapp1/Optcesga_FT2_RHEL7/2020/gentoo/22072020/usr/lib/gcc/x86_64-pc-linux-gnu/10.1.0/include/g++-v10/ostream:624:5: note: candidate: ‘template<class _Traits> std::basic_ostream<char, _Traits>& std::operator<<(std::basic_ostream<char, _Traits>&, const unsigned char*)’
  624 |     operator<<(basic_ostream<char, _Traits>& __out, const unsigned char* __s)
      |     ^~~~~~~~
/mnt/netapp1/Optcesga_FT2_RHEL7/2020/gentoo/22072020/usr/lib/gcc/x86_64-pc-linux-gnu/10.1.0/include/g++-v10/ostream:624:5: note:   template argument deduction/substitution failed:
affinity.cpp:159:63: note:   cannot convert ‘start’ (type ‘std::chrono::time_point<std::chrono::_V2::system_clock, std::chrono::duration<long int, std::ratio<1, 1000000000> > >’) to type ‘const unsigned char*’
  159 |    cout << "Hilo 1 "<< omp_get_thread_num() << "Empieza: " << start << "Termina"  << end <<  endl;
      |                                                               ^~~~~
In file included from /mnt/netapp1/Optcesga_FT2_RHEL7/2020/gentoo/22072020/usr/lib/gcc/x86_64-pc-linux-gnu/10.1.0/include/g++-v10/iostream:39,
                 from affinity.cpp:2:
/mnt/netapp1/Optcesga_FT2_RHEL7/2020/gentoo/22072020/usr/lib/gcc/x86_64-pc-linux-gnu/10.1.0/include/g++-v10/ostream:773:5: note: candidate: ‘template<class _Ostream, class _Tp> typename std::enable_if<std::__and_<std::__not_<std::is_lvalue_reference<_Tp> >, std::__is_convertible_to_basic_ostream<_Ostream>, std::__is_insertable<typename std::__is_convertible_to_basic_ostream<_Tp>::__ostream_type, const _Tp&, void> >::value, typename std::__is_convertible_to_basic_ostream<_Tp>::__ostream_type>::type std::operator<<(_Ostream&&, const _Tp&)’
  773 |     operator<<(_Ostream&& __os, const _Tp& __x)
      |     ^~~~~~~~
/mnt/netapp1/Optcesga_FT2_RHEL7/2020/gentoo/22072020/usr/lib/gcc/x86_64-pc-linux-gnu/10.1.0/include/g++-v10/ostream:773:5: note:   template argument deduction/substitution failed:
/mnt/netapp1/Optcesga_FT2_RHEL7/2020/gentoo/22072020/usr/lib/gcc/x86_64-pc-linux-gnu/10.1.0/include/g++-v10/ostream: In substitution of ‘template<class _Ostream, class _Tp> typename std::enable_if<std::__and_<std::__not_<std::is_lvalue_reference<_Tp> >, std::__is_convertible_to_basic_ostream<_Ostream>, std::__is_insertable<typename std::__is_convertible_to_basic_ostream<_Tp>::__ostream_type, const _Tp&, void> >::value, typename std::__is_convertible_to_basic_ostream<_Tp>::__ostream_type>::type std::operator<<(_Ostream&&, const _Tp&) [with _Ostream = std::basic_ostream<char>&; _Tp = std::chrono::time_point<std::chrono::_V2::system_clock, std::chrono::duration<long int, std::ratio<1, 1000000000> > >]’:
affinity.cpp:159:63:   required from here
/mnt/netapp1/Optcesga_FT2_RHEL7/2020/gentoo/22072020/usr/lib/gcc/x86_64-pc-linux-gnu/10.1.0/include/g++-v10/ostream:773:5: error: no type named ‘type’ in ‘struct std::enable_if<false, std::basic_ostream<char>&>’
In file included from affinity.cpp:6:
/mnt/netapp1/Optcesga_FT2_RHEL7/2020/gentoo/22072020/usr/lib/gcc/x86_64-pc-linux-gnu/10.1.0/include/g++-v10/iomanip:79:5: note: candidate: ‘template<class _CharT, class _Traits> std::basic_ostream<_CharT, _Traits>& std::operator<<(std::basic_ostream<_CharT, _Traits>&, std::_Resetiosflags)’
   79 |     operator<<(basic_ostream<_CharT, _Traits>& __os, _Resetiosflags __f)
      |     ^~~~~~~~
/mnt/netapp1/Optcesga_FT2_RHEL7/2020/gentoo/22072020/usr/lib/gcc/x86_64-pc-linux-gnu/10.1.0/include/g++-v10/iomanip:79:5: note:   template argument deduction/substitution failed:
affinity.cpp:159:63: note:   cannot convert ‘start’ (type ‘std::chrono::time_point<std::chrono::_V2::system_clock, std::chrono::duration<long int, std::ratio<1, 1000000000> > >’) to type ‘std::_Resetiosflags’
  159 |    cout << "Hilo 1 "<< omp_get_thread_num() << "Empieza: " << start << "Termina"  << end <<  endl;
      |                                                               ^~~~~
In file included from affinity.cpp:6:
/mnt/netapp1/Optcesga_FT2_RHEL7/2020/gentoo/22072020/usr/lib/gcc/x86_64-pc-linux-gnu/10.1.0/include/g++-v10/iomanip:109:5: note: candidate: ‘template<class _CharT, class _Traits> std::basic_ostream<_CharT, _Traits>& std::operator<<(std::basic_ostream<_CharT, _Traits>&, std::_Setiosflags)’
  109 |     operator<<(basic_ostream<_CharT, _Traits>& __os, _Setiosflags __f)
      |     ^~~~~~~~
/mnt/netapp1/Optcesga_FT2_RHEL7/2020/gentoo/22072020/usr/lib/gcc/x86_64-pc-linux-gnu/10.1.0/include/g++-v10/iomanip:109:5: note:   template argument deduction/substitution failed:
affinity.cpp:159:63: note:   cannot convert ‘start’ (type ‘std::chrono::time_point<std::chrono::_V2::system_clock, std::chrono::duration<long int, std::ratio<1, 1000000000> > >’) to type ‘std::_Setiosflags’
  159 |    cout << "Hilo 1 "<< omp_get_thread_num() << "Empieza: " << start << "Termina"  << end <<  endl;
      |                                                               ^~~~~
In file included from affinity.cpp:6:
/mnt/netapp1/Optcesga_FT2_RHEL7/2020/gentoo/22072020/usr/lib/gcc/x86_64-pc-linux-gnu/10.1.0/include/g++-v10/iomanip:143:5: note: candidate: ‘template<class _CharT, class _Traits> std::basic_ostream<_CharT, _Traits>& std::operator<<(std::basic_ostream<_CharT, _Traits>&, std::_Setbase)’
  143 |     operator<<(basic_ostream<_CharT, _Traits>& __os, _Setbase __f)
      |     ^~~~~~~~
/mnt/netapp1/Optcesga_FT2_RHEL7/2020/gentoo/22072020/usr/lib/gcc/x86_64-pc-linux-gnu/10.1.0/include/g++-v10/iomanip:143:5: note:   template argument deduction/substitution failed:
affinity.cpp:159:63: note:   cannot convert ‘start’ (type ‘std::chrono::time_point<std::chrono::_V2::system_clock, std::chrono::duration<long int, std::ratio<1, 1000000000> > >’) to type ‘std::_Setbase’
  159 |    cout << "Hilo 1 "<< omp_get_thread_num() << "Empieza: " << start << "Termina"  << end <<  endl;
      |                                                               ^~~~~
In file included from affinity.cpp:6:
/mnt/netapp1/Optcesga_FT2_RHEL7/2020/gentoo/22072020/usr/lib/gcc/x86_64-pc-linux-gnu/10.1.0/include/g++-v10/iomanip:178:5: note: candidate: ‘template<class _CharT, class _Traits> std::basic_ostream<_CharT, _Traits>& std::operator<<(std::basic_ostream<_CharT, _Traits>&, std::_Setfill<_CharT>)’
  178 |     operator<<(basic_ostream<_CharT, _Traits>& __os, _Setfill<_CharT> __f)
      |     ^~~~~~~~
/mnt/netapp1/Optcesga_FT2_RHEL7/2020/gentoo/22072020/usr/lib/gcc/x86_64-pc-linux-gnu/10.1.0/include/g++-v10/iomanip:178:5: note:   template argument deduction/substitution failed:
affinity.cpp:159:63: note:   ‘std::chrono::time_point<std::chrono::_V2::system_clock, std::chrono::duration<long int, std::ratio<1, 1000000000> > >’ is not derived from ‘std::_Setfill<_CharT>’
  159 |    cout << "Hilo 1 "<< omp_get_thread_num() << "Empieza: " << start << "Termina"  << end <<  endl;
      |                                                               ^~~~~
In file included from affinity.cpp:6:
/mnt/netapp1/Optcesga_FT2_RHEL7/2020/gentoo/22072020/usr/lib/gcc/x86_64-pc-linux-gnu/10.1.0/include/g++-v10/iomanip:208:5: note: candidate: ‘template<class _CharT, class _Traits> std::basic_ostream<_CharT, _Traits>& std::operator<<(std::basic_ostream<_CharT, _Traits>&, std::_Setprecision)’
  208 |     operator<<(basic_ostream<_CharT, _Traits>& __os, _Setprecision __f)
      |     ^~~~~~~~
/mnt/netapp1/Optcesga_FT2_RHEL7/2020/gentoo/22072020/usr/lib/gcc/x86_64-pc-linux-gnu/10.1.0/include/g++-v10/iomanip:208:5: note:   template argument deduction/substitution failed:
affinity.cpp:159:63: note:   cannot convert ‘start’ (type ‘std::chrono::time_point<std::chrono::_V2::system_clock, std::chrono::duration<long int, std::ratio<1, 1000000000> > >’) to type ‘std::_Setprecision’
  159 |    cout << "Hilo 1 "<< omp_get_thread_num() << "Empieza: " << start << "Termina"  << end <<  endl;
      |                                                               ^~~~~
In file included from affinity.cpp:6:
/mnt/netapp1/Optcesga_FT2_RHEL7/2020/gentoo/22072020/usr/lib/gcc/x86_64-pc-linux-gnu/10.1.0/include/g++-v10/iomanip:238:5: note: candidate: ‘template<class _CharT, class _Traits> std::basic_ostream<_CharT, _Traits>& std::operator<<(std::basic_ostream<_CharT, _Traits>&, std::_Setw)’
  238 |     operator<<(basic_ostream<_CharT, _Traits>& __os, _Setw __f)
      |     ^~~~~~~~
/mnt/netapp1/Optcesga_FT2_RHEL7/2020/gentoo/22072020/usr/lib/gcc/x86_64-pc-linux-gnu/10.1.0/include/g++-v10/iomanip:238:5: note:   template argument deduction/substitution failed:
affinity.cpp:159:63: note:   cannot convert ‘start’ (type ‘std::chrono::time_point<std::chrono::_V2::system_clock, std::chrono::duration<long int, std::ratio<1, 1000000000> > >’) to type ‘std::_Setw’
  159 |    cout << "Hilo 1 "<< omp_get_thread_num() << "Empieza: " << start << "Termina"  << end <<  endl;
      |                                                               ^~~~~
In file included from affinity.cpp:6:
/mnt/netapp1/Optcesga_FT2_RHEL7/2020/gentoo/22072020/usr/lib/gcc/x86_64-pc-linux-gnu/10.1.0/include/g++-v10/iomanip:311:5: note: candidate: ‘template<class _CharT, class _Traits, class _MoneyT> std::basic_ostream<_CharT, _Traits>& std::operator<<(std::basic_ostream<_CharT, _Traits>&, std::_Put_money<_MoneyT>)’
  311 |     operator<<(basic_ostream<_CharT, _Traits>& __os, _Put_money<_MoneyT> __f)
      |     ^~~~~~~~
/mnt/netapp1/Optcesga_FT2_RHEL7/2020/gentoo/22072020/usr/lib/gcc/x86_64-pc-linux-gnu/10.1.0/include/g++-v10/iomanip:311:5: note:   template argument deduction/substitution failed:
affinity.cpp:159:63: note:   ‘std::chrono::time_point<std::chrono::_V2::system_clock, std::chrono::duration<long int, std::ratio<1, 1000000000> > >’ is not derived from ‘std::_Put_money<_MoneyT>’
  159 |    cout << "Hilo 1 "<< omp_get_thread_num() << "Empieza: " << start << "Termina"  << end <<  endl;
      |                                                               ^~~~~
In file included from affinity.cpp:6:
/mnt/netapp1/Optcesga_FT2_RHEL7/2020/gentoo/22072020/usr/lib/gcc/x86_64-pc-linux-gnu/10.1.0/include/g++-v10/iomanip:363:5: note: candidate: ‘template<class _CharT, class _Traits> std::basic_ostream<_CharT, _Traits>& std::operator<<(std::basic_ostream<_CharT, _Traits>&, std::_Put_time<_CharT>)’
  363 |     operator<<(basic_ostream<_CharT, _Traits>& __os, _Put_time<_CharT> __f)
      |     ^~~~~~~~
/mnt/netapp1/Optcesga_FT2_RHEL7/2020/gentoo/22072020/usr/lib/gcc/x86_64-pc-linux-gnu/10.1.0/include/g++-v10/iomanip:363:5: note:   template argument deduction/substitution failed:
affinity.cpp:159:63: note:   ‘std::chrono::time_point<std::chrono::_V2::system_clock, std::chrono::duration<long int, std::ratio<1, 1000000000> > >’ is not derived from ‘std::_Put_time<_CharT>’
  159 |    cout << "Hilo 1 "<< omp_get_thread_num() << "Empieza: " << start << "Termina"  << end <<  endl;
      |                                                               ^~~~~
In file included from /mnt/netapp1/Optcesga_FT2_RHEL7/2020/gentoo/22072020/usr/lib/gcc/x86_64-pc-linux-gnu/10.1.0/include/g++-v10/memory:84,
                 from CLI11.hpp:56,
                 from affinity.cpp:17:
/mnt/netapp1/Optcesga_FT2_RHEL7/2020/gentoo/22072020/usr/lib/gcc/x86_64-pc-linux-gnu/10.1.0/include/g++-v10/bits/shared_ptr.h:69:5: note: candidate: ‘template<class _Ch, class _Tr, class _Tp, __gnu_cxx::_Lock_policy _Lp> std::basic_ostream<_CharT, _Traits>& std::operator<<(std::basic_ostream<_CharT, _Traits>&, const std::__shared_ptr<_Tp, _Lp>&)’
   69 |     operator<<(std::basic_ostream<_Ch, _Tr>& __os,
      |     ^~~~~~~~
/mnt/netapp1/Optcesga_FT2_RHEL7/2020/gentoo/22072020/usr/lib/gcc/x86_64-pc-linux-gnu/10.1.0/include/g++-v10/bits/shared_ptr.h:69:5: note:   template argument deduction/substitution failed:
affinity.cpp:159:63: note:   ‘std::chrono::time_point<std::chrono::_V2::system_clock, std::chrono::duration<long int, std::ratio<1, 1000000000> > >’ is not derived from ‘const std::__shared_ptr<_Tp, _Lp>’
  159 |    cout << "Hilo 1 "<< omp_get_thread_num() << "Empieza: " << start << "Termina"  << end <<  endl;
      |                                                               ^~~~~
r
-
-
r
-
-
nodeThread: 0 2 
opType: 1 0 0 
pData: 1
nodePVector: 0 2 
nodeThread: 0 2 
opType: 1 0 0 
pData: 1
nodePVector: 0 2 
tamPVector: 209715200 209715200 
nodeSVector: 0 
tamSVector: 209715200 
SvectorPerThread: 0 0 
numSElmProc: 209715200 209715200 

tamPVector: 209715200 209715200 
nodeSVector: 0 
tamSVector: 209715200 
SvectorPerThread: 0 0 
numSElmProc: 209715200 209715200 

r
-
-
nodeThread: 0 2 
opType: 1 0 0 
pData: 1
nodePVector: 0 2 
tamPVector: 209715200 209715200 
nodeSVector: 0 
tamSVector: 209715200 
SvectorPerThread: 0 0 
numSElmProc: 209715200 209715200 

r
-
-
nodeThread: 0 2 
opType: 1 0 0 
pData: 1
nodePVector: 0 2 
tamPVector: 209715200 209715200 
nodeSVector: 0 
tamSVector: 209715200 
SvectorPerThread: 0 0 
numSElmProc: 209715200 209715200 

Tiempo de ejecución: 1438869424
Hilo 1 0Tiempo de ejecución: 2174233385
Hilo 1 1Reads

Parser destructor
Tiempo de ejecución: 1711191298
Hilo 1 0Tiempo de ejecución: 2575510035
Hilo 1 1Reads
Tiempo de ejecución: 1737923973
Hilo 1 0Tiempo de ejecución: 2572087225
Hilo 1 1Reads

Parser destructor

Parser destructor
Tiempo de ejecución: 1467049233
Hilo 1 1Tiempo de ejecución: 6284584815
Hilo 1 0Reads

Parser destructor
r
-
-
nodeThread: 0 2 
opType: 1 0 0 
pData: 1
nodePVector: 0 2 
tamPVector: 209715200 209715200 
nodeSVector: 0 
tamSVector: 209715200 
SvectorPerThread: 0 0 
numSElmProc: 209715200 209715200 

r
-
-
nodeThread: 0 2 
opType: 1 0 0 
pData: 1
nodePVector: 0 2 
tamPVector: 209715200 209715200 
nodeSVector: 0 
tamSVector: 209715200 
SvectorPerThread: 0 0 
numSElmProc: 209715200 209715200 

r
-
-
nodeThread: 0 2 
opType: 1 0 0 
pData: 1
nodePVector: 0 2 
tamPVector: 209715200 209715200 
nodeSVector: 0 
tamSVector: 209715200 
SvectorPerThread: 0 0 
numSElmProc: 209715200 209715200 

r
-
-
nodeThread: 0 2 
opType: 1 0 0 
pData: 1
nodePVector: 0 2 
tamPVector: 209715200 209715200 
nodeSVector: 0 
tamSVector: 209715200 
SvectorPerThread: 0 0 
numSElmProc: 209715200 209715200 

Tiempo de ejecución: 1440205958
Hilo 1 0Tiempo de ejecución: 2567924338
Hilo 1 1Reads

Parser destructor
Tiempo de ejecución: 1711723941
Hilo 1 0Tiempo de ejecución: 2568716639
Hilo 1 1Reads
Tiempo de ejecución: 1737707794
Hilo 1 0Tiempo de ejecución: 2562395122
Hilo 1 1Reads

Parser destructor

Parser destructor
Tiempo de ejecución: 1486930637
Hilo 1 1Tiempo de ejecución: 6954978992
Hilo 1 0Reads

Parser destructor
r
-
-
nodeThread: 0 2 
opType: 1 0 0 
pData: 1
nodePVector: 0 2 
tamPVector: 209715200 209715200 
nodeSVector: 0 
tamSVector: 209715200 
SvectorPerThread: 0 0 
numSElmProc: 209715200 209715200 

r
-
-
nodeThread: 0 2 
opType: 1 0 0 
pData: 1
nodePVector: 0 2 
tamPVector: 209715200 209715200 
nodeSVector: 0 
tamSVector: 209715200 
SvectorPerThread: 0 0 
numSElmProc: 209715200 209715200 

r
-
-
nodeThread: 0 2 
opType: 1 0 0 
pData: 1
nodePVector: 0 2 
tamPVector: 209715200 209715200 
nodeSVector: 0 
tamSVector: 209715200 
SvectorPerThread: 0 0 
numSElmProc: 209715200 209715200 

r
-
-
nodeThread: 0 2 
opType: 1 0 0 
pData: 1
nodePVector: 0 2 
tamPVector: 209715200 209715200 
nodeSVector: 0 
tamSVector: 209715200 
SvectorPerThread: 0 0 
numSElmProc: 209715200 209715200 

Tiempo de ejecución: 1404041985
Hilo 1 0Tiempo de ejecución: 1726434047
Hilo 1 1Reads

Parser destructor
Tiempo de ejecución: 1712367020
Hilo 1 0Tiempo de ejecución: 2550273852
Hilo 1 1Reads
Tiempo de ejecución: 1722878597
Hilo 1 0Tiempo de ejecución: 2573690923
Hilo 1 1Reads

Parser destructor

Parser destructor
Tiempo de ejecución: 1497153436
Hilo 1 1Tiempo de ejecución: 6785313440
Hilo 1 0Reads

Parser destructor
r
-
-
r
-
-
nodeThread: 0 2 
opType: 1 0 0 
pData: 1
nodePVector: 0 2 
nodeThread: 0 2 
opType: 1 0 0 
pData: 1
tamPVector: 209715200 209715200 
nodeSVector: 0 
tamSVector: 209715200 
SvectorPerThread: 0 0 
numSElmProc: 209715200 209715200 

nodePVector: 0 2 
tamPVector: 209715200 209715200 
nodeSVector: 0 
tamSVector: 209715200 
SvectorPerThread: 0 0 
numSElmProc: 209715200 209715200 

r
-
-
nodeThread: 0 2 
opType: 1 0 0 
pData: 1
nodePVector: 0 2 
tamPVector: 209715200 209715200 
nodeSVector: 0 
tamSVector: 209715200 
SvectorPerThread: 0 0 
numSElmProc: 209715200 209715200 

r
-
-
nodeThread: 0 2 
opType: 1 0 0 
pData: 1
nodePVector: 0 2 
tamPVector: 209715200 209715200 
nodeSVector: 0 
tamSVector: 209715200 
SvectorPerThread: 0 0 
numSElmProc: 209715200 209715200 

Tiempo de ejecución: 1604055553
Hilo 1 1Tiempo de ejecución: 1687444468
Hilo 1 0Reads
Tiempo de ejecución: 1439774559
Hilo 1 0Tiempo de ejecución: 2344187196
Hilo 1 1Reads

Parser destructor

Parser destructor
Tiempo de ejecución: 1709030498
Hilo 1 0Tiempo de ejecución: 2391790110
Hilo 1 1Reads

Parser destructor
Tiempo de ejecución: 1504635451
Hilo 1 1Tiempo de ejecución: 6777316013
Hilo 1 0Reads

Parser destructor
r
-
-
nodeThread: 0 2 
opType: 1 0 0 
pData: 1
nodePVector: 0 2 
tamPVector: 209715200 209715200 
nodeSVector: 0 
tamSVector: 209715200 
SvectorPerThread: 0 0 
numSElmProc: 209715200 209715200 

r
-
-
nodeThread: 0 2 
opType: 1 0 0 
pData: 1
nodePVector: 0 2 
tamPVector: 209715200 209715200 
nodeSVector: 0 
tamSVector: 209715200 
SvectorPerThread: 0 0 
numSElmProc: 209715200 209715200 

r
-
-
nodeThread: 0 2 
opType: 1 0 0 
pData: 1
nodePVector: 0 2 
tamPVector: 209715200 209715200 
nodeSVector: 0 
tamSVector: 209715200 
SvectorPerThread: 0 0 
numSElmProc: 209715200 209715200 

r
-
-
nodeThread: 0 2 
opType: 1 0 0 
pData: 1
nodePVector: 0 2 
tamPVector: 209715200 209715200 
nodeSVector: 0 
tamSVector: 209715200 
SvectorPerThread: 0 0 
numSElmProc: 209715200 209715200 

Tiempo de ejecución: 1714095790
Hilo 1 0Tiempo de ejecución: 2575310485
Hilo 1 1Reads
Tiempo de ejecución: 1740089238
Hilo 1 0Tiempo de ejecución: 2569699817
Hilo 1 1Reads
Tiempo de ejecución: 1413420640
Hilo 1 0Tiempo de ejecución: 2589045187
Hilo 1 1Reads

Parser destructor

Parser destructor

Parser destructor
Tiempo de ejecución: 1454177388
Hilo 1 1Tiempo de ejecución: 6551783962
Hilo 1 0Reads

Parser destructor
r
-
-
nodeThread: 0 2 
opType: 1 0 0 
pData: 1
nodePVector: 0 2 
tamPVector: 209715200 209715200 
nodeSVector: 0 
tamSVector: 209715200 
SvectorPerThread: 0 0 
numSElmProc: 209715200 209715200 

r
-
-
nodeThread: 0 2 
opType: 1 0 0 
pData: 1
nodePVector: 0 2 
tamPVector: 209715200 209715200 
nodeSVector: 0 
tamSVector: 209715200 
SvectorPerThread: 0 0 
numSElmProc: 209715200 209715200 

r
-
-
nodeThread: 0 2 
opType: 1 0 0 
pData: 1
nodePVector: 0 2 
tamPVector: 209715200 209715200 
nodeSVector: 0 
tamSVector: 209715200 
SvectorPerThread: 0 0 
numSElmProc: 209715200 209715200 

r
-
-
nodeThread: 0 2 
opType: 1 0 0 
pData: 1
nodePVector: 0 2 
tamPVector: 209715200 209715200 
nodeSVector: 0 
tamSVector: 209715200 
SvectorPerThread: 0 0 
numSElmProc: 209715200 209715200 

Tiempo de ejecución: 1722481251
Hilo 1 0Tiempo de ejecución: 2552451164
Hilo 1 1Reads
Tiempo de ejecución: 1721265778
Hilo 1 0Tiempo de ejecución: 2578982797
Hilo 1 1Reads

Parser destructor

Parser destructor
Tiempo de ejecución: 1441253482
Hilo 1 0Tiempo de ejecución: 3821767690
Hilo 1 1Reads

Parser destructor
Tiempo de ejecución: 1523470913
Hilo 1 1Tiempo de ejecución: 6800905410
Hilo 1 0Reads

Parser destructor
r
-
-
nodeThread: 0 2 
opType: 1 0 0 
pData: 1
nodePVector: 0 2 
tamPVector: 209715200 209715200 
nodeSVector: 0 
tamSVector: 209715200 
SvectorPerThread: 0 0 
numSElmProc: 209715200 209715200 

r
-
-
nodeThread: 0 2 
opType: 1 0 0 
pData: 1
nodePVector: 0 2 
tamPVector: 209715200 209715200 
nodeSVector: 0 
tamSVector: 209715200 
SvectorPerThread: 0 0 
numSElmProc: 209715200 209715200 

r
-
-
r
-
-
nodeThread: 0 2 
opType: 1 0 0 
pData: 1
nodePVector: 0 2 
tamPVector: 209715200 209715200 
nodeSVector: 0 
tamSVector: 209715200 
SvectorPerThread: 0 0 
numSElmProc: 209715200 209715200 

nodeThread: 0 2 
opType: 1 0 0 
pData: 1
nodePVector: 0 2 
tamPVector: 209715200 209715200 
nodeSVector: 0 
tamSVector: 209715200 
SvectorPerThread: 0 0 
numSElmProc: 209715200 209715200 

Tiempo de ejecución: 1440607579
Hilo 1 0Tiempo de ejecución: 2355795399
Hilo 1 1Reads

Parser destructor
Tiempo de ejecución: 1721427274
Hilo 1 0Tiempo de ejecución: 2570957612
Hilo 1 1Reads
Tiempo de ejecución: 1717869871
Hilo 1 0Tiempo de ejecución: 2553722203
Hilo 1 1Reads

Parser destructor

Parser destructor
Tiempo de ejecución: 1504358360
Hilo 1 1Tiempo de ejecución: 6794819599
Hilo 1 0Reads

Parser destructor
r
-
-
nodeThread: 0 2 
opType: 1 0 0 
pData: 1
nodePVector: 0 2 
tamPVector: 209715200 209715200 
nodeSVector: 0 
tamSVector: 209715200 
SvectorPerThread: 0 0 
numSElmProc: 209715200 209715200 

r
-
-
nodeThread: 0 2 
opType: 1 0 0 
pData: 1
nodePVector: 0 2 
tamPVector: 209715200 209715200 
nodeSVector: 0 
tamSVector: 209715200 
SvectorPerThread: 0 0 
numSElmProc: 209715200 209715200 

r
-
-
r
-
-
nodeThread: 0 2 
opType: 1 0 0 
pData: 1
nodePVector: 0 2 
tamPVector: 209715200 209715200 
nodeSVector: 0 
tamSVector: 209715200 
SvectorPerThread: 0 0 
numSElmProc: 209715200 209715200 

nodeThread: 0 2 
opType: 1 0 0 
pData: 1
nodePVector: 0 2 
tamPVector: 209715200 209715200 
nodeSVector: 0 
tamSVector: 209715200 
SvectorPerThread: 0 0 
numSElmProc: 209715200 209715200 

Hilo 1 0Empieza: Wed Apr 26 13:32:23 2023TerminaWed Apr 26 13:32:25 2023
Hilo 1 0Empieza: Wed Apr 26 13:32:23 2023TerminaWed Apr 26 13:32:25 2023
Hilo 1 0Empieza: Wed Apr 26 13:32:23 2023TerminaWed Apr 26 13:32:25 2023
Hilo 1 1Empieza: Wed Apr 26 13:32:23 2023TerminaWed Apr 26 13:32:25 2023
Hilo 1 1Empieza: Wed Apr 26 13:32:23 2023TerminaWed Apr 26 13:32:26 2023
Hilo 1 1Empieza: Wed Apr 26 13:32:23 2023TerminaWed Apr 26 13:32:26 2023
Hilo 1 1Empieza: Wed Apr 26 13:32:23 2023TerminaWed Apr 26 13:32:26 2023
Reads

Parser destructor
Reads
Reads

Parser destructor

Parser destructor
Hilo 1 0Empieza: Wed Apr 26 13:32:23 2023TerminaWed Apr 26 13:32:32 2023
Reads

Parser destructor
r
-
-
nodeThread: 0 2 
opType: 1 0 0 
pData: 1
nodePVector: 0 2 
tamPVector: 209715200 209715200 
nodeSVector: 0 
tamSVector: 209715200 
SvectorPerThread: 0 0 
numSElmProc: 209715200 209715200 

r
-
-
r
-
-
nodeThread: 0 2 
opType: 1 0 0 
pData: 1
nodePVector: 0 2 
tamPVector: 209715200 209715200 
nodeSVector: 0 
tamSVector: 209715200 
SvectorPerThread: 0 0 
numSElmProc: 209715200 209715200 

nodeThread: 0 2 
opType: 1 0 0 
pData: 1
nodePVector: 0 2 
tamPVector: 209715200 209715200 
nodeSVector: 0 
tamSVector: 209715200 
SvectorPerThread: 0 0 
numSElmProc: 209715200 209715200 

r
-
-
nodeThread: 0 2 
opType: 1 0 0 
pData: 1
nodePVector: 0 2 
tamPVector: 209715200 209715200 
nodeSVector: 0 
tamSVector: 209715200 
SvectorPerThread: 0 0 
numSElmProc: 209715200 209715200 

Hilo 1 0Empieza: Wed Apr 26 13:32:45 2023TerminaWed Apr 26 13:32:47 2023
Hilo 1 1Empieza: Wed Apr 26 13:32:45 2023TerminaWed Apr 26 13:32:47 2023
Hilo 1 0Empieza: Wed Apr 26 13:32:45 2023TerminaWed Apr 26 13:32:47 2023
Hilo 1 0Empieza: Wed Apr 26 13:32:45 2023TerminaWed Apr 26 13:32:47 2023
Hilo 1 1Empieza: Wed Apr 26 13:32:45 2023TerminaWed Apr 26 13:32:47 2023
Hilo 1 1Empieza: Wed Apr 26 13:32:45 2023TerminaWed Apr 26 13:32:48 2023
Hilo 1 1Empieza: Wed Apr 26 13:32:45 2023TerminaWed Apr 26 13:32:49 2023
Reads

Parser destructor
Reads
Reads

Parser destructor

Parser destructor
Hilo 1 0Empieza: Wed Apr 26 13:32:45 2023TerminaWed Apr 26 13:32:54 2023
Reads

Parser destructor
r
-
-
r
-
-
nodeThread: 0 2 
opType: 1 0 0 
pData: 1
nodePVector: 0 2 
tamPVector: 209715200 209715200 
nodeSVector: 0 
tamSVector: 209715200 
SvectorPerThread: 0 0 
numSElmProc: 209715200 209715200 

nodeThread: 0 2 
opType: 1 0 0 
pData: 1
nodePVector: 0 2 
tamPVector: 209715200 209715200 
nodeSVector: 0 
tamSVector: 209715200 
SvectorPerThread: 0 0 
numSElmProc: 209715200 209715200 

r
-
-
nodeThread: 0 2 
opType: 1 0 0 
pData: 1
nodePVector: 0 2 
tamPVector: 209715200 209715200 
nodeSVector: 0 
tamSVector: 209715200 
SvectorPerThread: 0 0 
numSElmProc: 209715200 209715200 

r
-
-
nodeThread: 0 2 
opType: 1 0 0 
pData: 1
nodePVector: 0 2 
tamPVector: 209715200 209715200 
nodeSVector: 0 
tamSVector: 209715200 
SvectorPerThread: 0 0 
numSElmProc: 209715200 209715200 

Hilo 1 0Empieza: Wed Apr 26 13:33:07 2023TerminaWed Apr 26 13:33:09 2023
Hilo 1 0Empieza: Wed Apr 26 13:33:06 2023TerminaWed Apr 26 13:33:09 2023
Hilo 1 1Empieza: Wed Apr 26 13:33:06 2023TerminaWed Apr 26 13:33:09 2023
Hilo 1 0Empieza: Wed Apr 26 13:33:06 2023TerminaWed Apr 26 13:33:09 2023
Hilo 1 1Empieza: Wed Apr 26 13:33:07 2023TerminaWed Apr 26 13:33:09 2023
Hilo 1 1Empieza: Wed Apr 26 13:33:06 2023TerminaWed Apr 26 13:33:10 2023
Hilo 1 1Empieza: Wed Apr 26 13:33:07 2023TerminaWed Apr 26 13:33:11 2023
Reads

Parser destructor
Reads

Parser destructor
Reads

Parser destructor
Hilo 1 0Empieza: Wed Apr 26 13:33:07 2023TerminaWed Apr 26 13:33:16 2023
Reads

Parser destructor
r
-
-
r
-
-
nodeThread: 0 2 
opType: 1 0 0 
pData: 1
nodePVector: 0 2 
tamPVector: 209715200 209715200 
nodeSVector: 0 
tamSVector: 209715200 
SvectorPerThread: 0 0 
numSElmProc: 209715200 209715200 

nodeThread: 0 2 
opType: 1 0 0 
pData: 1
nodePVector: 0 2 
tamPVector: 209715200 209715200 
nodeSVector: 0 
tamSVector: 209715200 
SvectorPerThread: 0 0 
numSElmProc: 209715200 209715200 

r
-
-
nodeThread: 0 2 
opType: 1 0 0 
pData: 1
nodePVector: 0 2 
tamPVector: 209715200 209715200 
nodeSVector: 0 
tamSVector: 209715200 
SvectorPerThread: 0 0 
numSElmProc: 209715200 209715200 

r
-
-
nodeThread: 0 2 
opType: 1 0 0 
pData: 1
nodePVector: 0 2 
tamPVector: 209715200 209715200 
nodeSVector: 0 
tamSVector: 209715200 
SvectorPerThread: 0 0 
numSElmProc: 209715200 209715200 

Hilo 1 0Empieza: Wed Apr 26 13:33:28 2023TerminaWed Apr 26 13:33:30 2023
Hilo 1 0Empieza: Wed Apr 26 13:33:28 2023TerminaWed Apr 26 13:33:31 2023
Hilo 1 0Empieza: Wed Apr 26 13:33:28 2023TerminaWed Apr 26 13:33:31 2023
Hilo 1 1Empieza: Wed Apr 26 13:33:29 2023TerminaWed Apr 26 13:33:31 2023
Hilo 1 1Empieza: Wed Apr 26 13:33:28 2023TerminaWed Apr 26 13:33:32 2023
Hilo 1 1Empieza: Wed Apr 26 13:33:28 2023TerminaWed Apr 26 13:33:32 2023
Hilo 1 1Empieza: Wed Apr 26 13:33:28 2023TerminaWed Apr 26 13:33:32 2023
Reads

Parser destructor
Reads
Reads

Parser destructor

Parser destructor
Hilo 1 0Empieza: Wed Apr 26 13:33:29 2023TerminaWed Apr 26 13:33:38 2023
Reads

Parser destructor
r
-
-
r
-
-
nodeThread: 0 2 
opType: 1 0 0 
pData: 1
nodePVector: 0 2 
tamPVector: 209715200 209715200 
nodeSVector: 0 
tamSVector: 209715200 
SvectorPerThread: 0 0 
numSElmProc: 209715200 209715200 

nodeThread: 0 2 
opType: 1 0 0 
pData: 1
nodePVector: 0 2 
tamPVector: 209715200 209715200 
nodeSVector: 0 
tamSVector: 209715200 
SvectorPerThread: 0 0 
numSElmProc: 209715200 209715200 

r
-
-
nodeThread: 0 2 
opType: 1 0 0 
pData: 1
nodePVector: 0 2 
tamPVector: 209715200 209715200 
nodeSVector: 0 
tamSVector: 209715200 
SvectorPerThread: 0 0 
numSElmProc: 209715200 209715200 

r
-
-
nodeThread: 0 2 
opType: 1 0 0 
pData: 1
nodePVector: 0 2 
tamPVector: 209715200 209715200 
nodeSVector: 0 
tamSVector: 209715200 
SvectorPerThread: 0 0 
numSElmProc: 209715200 209715200 

Hilo 1 0Empieza: Wed Apr 26 13:33:50 2023TerminaWed Apr 26 13:33:52 2023
Hilo 1 0Empieza: Wed Apr 26 13:33:50 2023TerminaWed Apr 26 13:33:52 2023
Hilo 1 0Empieza: Wed Apr 26 13:33:50 2023TerminaWed Apr 26 13:33:52 2023
Hilo 1 1Empieza: Wed Apr 26 13:33:50 2023TerminaWed Apr 26 13:33:53 2023
Hilo 1 1Empieza: Wed Apr 26 13:33:50 2023TerminaWed Apr 26 13:33:54 2023
Hilo 1 1Empieza: Wed Apr 26 13:33:50 2023TerminaWed Apr 26 13:33:54 2023
Hilo 1 1Empieza: Wed Apr 26 13:33:50 2023TerminaWed Apr 26 13:33:54 2023
Reads
Reads
Reads

Parser destructor

Parser destructor

Parser destructor
Hilo 1 0Empieza: Wed Apr 26 13:33:50 2023TerminaWed Apr 26 13:34:00 2023
Reads

Parser destructor
r
-
-
r
-
-
nodeThread: 0 2 
nodeThread: 0 2 
opType: 1 0 0 
pData: 1
nodePVector: 0 2 
tamPVector: 209715200 209715200 
nodeSVector: 0 
opType: 1 0 0 
pData: 1
nodePVector: 0 2 
tamPVector: 209715200 209715200 
nodeSVector: 0 
tamSVector: 209715200 
SvectorPerThread: 0 0 
numSElmProc: 209715200 209715200 

tamSVector: 209715200 
SvectorPerThread: 0 0 
numSElmProc: 209715200 209715200 

r
-
-
nodeThread: 0 2 
opType: 1 0 0 
pData: 1
nodePVector: 0 2 
tamPVector: 209715200 209715200 
nodeSVector: 0 
tamSVector: 209715200 
SvectorPerThread: 0 0 
numSElmProc: 209715200 209715200 

r
-
-
nodeThread: 0 2 
opType: 1 0 0 
pData: 1
nodePVector: 0 2 
tamPVector: 209715200 209715200 
nodeSVector: 0 
tamSVector: 209715200 
SvectorPerThread: 0 0 
numSElmProc: 209715200 209715200 

Hilo 1 0Empieza: Wed Apr 26 13:34:12 2023TerminaWed Apr 26 13:34:14 2023
Hilo 1 0Empieza: Wed Apr 26 13:34:12 2023TerminaWed Apr 26 13:34:14 2023
Hilo 1 0Empieza: Wed Apr 26 13:34:12 2023TerminaWed Apr 26 13:34:14 2023
Hilo 1 1Empieza: Wed Apr 26 13:34:12 2023TerminaWed Apr 26 13:34:14 2023
Hilo 1 1Empieza: Wed Apr 26 13:34:12 2023TerminaWed Apr 26 13:34:15 2023
Hilo 1 1Empieza: Wed Apr 26 13:34:12 2023TerminaWed Apr 26 13:34:15 2023
Hilo 1 1Empieza: Wed Apr 26 13:34:12 2023TerminaWed Apr 26 13:34:16 2023
Reads
Reads

Parser destructor

Parser destructor
Reads

Parser destructor
Hilo 1 0Empieza: Wed Apr 26 13:34:12 2023TerminaWed Apr 26 13:34:22 2023
Reads

Parser destructor
r
-
-
r
-
-
nodeThread: 0 2 
opType: 1 0 0 
pData: 1
nodePVector: 0 2 
tamPVector: 209715200 209715200 
nodeSVector: 0 
tamSVector: 209715200 
SvectorPerThread: 0 0 
numSElmProc: 209715200 209715200 

nodeThread: 0 2 
opType: 1 0 0 
pData: 1
nodePVector: 0 2 
tamPVector: 209715200 209715200 
nodeSVector: 0 
tamSVector: 209715200 
SvectorPerThread: 0 0 
numSElmProc: 209715200 209715200 

r
-
-
r
-
-
nodeThread: 0 2 
opType: 1 0 0 
pData: 1
nodePVector: 0 2 
tamPVector: 209715200 209715200 
nodeSVector: 0 
tamSVector: 209715200 
SvectorPerThread: 0 0 
numSElmProc: 209715200 209715200 

nodeThread: 0 2 
opType: 1 0 0 
pData: 1
nodePVector: 0 2 
tamPVector: 209715200 209715200 
nodeSVector: 0 
tamSVector: 209715200 
SvectorPerThread: 0 0 
numSElmProc: 209715200 209715200 

Hilo 1 0Empieza: Wed Apr 26 13:34:37 2023TerminaWed Apr 26 13:34:39 2023
Hilo 1 0Empieza: Wed Apr 26 13:34:37 2023TerminaWed Apr 26 13:34:40 2023
Hilo 1 0Empieza: Wed Apr 26 13:34:37 2023TerminaWed Apr 26 13:34:40 2023
Hilo 1 1Empieza: Wed Apr 26 13:34:38 2023TerminaWed Apr 26 13:34:40 2023
Hilo 1 1Empieza: Wed Apr 26 13:34:37 2023TerminaWed Apr 26 13:34:41 2023
Hilo 1 1Empieza: Wed Apr 26 13:34:37 2023TerminaWed Apr 26 13:34:41 2023
Hilo 1 1Empieza: Wed Apr 26 13:34:37 2023TerminaWed Apr 26 13:34:41 2023
Reads
Reads
Reads

Parser destructor

Parser destructor

Parser destructor
Hilo 1 0Empieza: Wed Apr 26 13:34:38 2023TerminaWed Apr 26 13:34:47 2023
Reads

Parser destructor
r
-
-
r
-
-
r
-
-
nodeThread: 0 2 
opType: 1 0 0 
pData: 1
nodePVector: 0 2 
tamPVector: 209715200 209715200 
nodeSVector: 0 
tamSVector: 209715200 
SvectorPerThread: 0 0 
numSElmProc: 209715200 209715200 

nodeThread: 0 2 
opType: 1 0 0 
pData: 1
nodePVector: 0 2 
tamPVector: 209715200 209715200 
nodeSVector: 0 
tamSVector: 209715200 
SvectorPerThread: 0 0 
numSElmProc: 209715200 209715200 

r
-
-
nodeThread: 0 2 
opType: 1 0 0 
pData: 1
nodePVector: 0 2 
tamPVector: 209715200 209715200 
nodeSVector: 0 
tamSVector: 209715200 
SvectorPerThread: 0 0 
numSElmProc: 209715200 209715200 

nodeThread: 0 2 
opType: 1 0 0 
pData: 1
nodePVector: 0 2 
tamPVector: 209715200 209715200 
nodeSVector: 0 
tamSVector: 209715200 
SvectorPerThread: 0 0 
numSElmProc: 209715200 209715200 

Hilo 1 0Empieza: Wed Apr 26 13:34:59 2023TerminaWed Apr 26 13:35:01 2023
Hilo 1 0Empieza: Wed Apr 26 13:34:59 2023TerminaWed Apr 26 13:35:01 2023
Hilo 1 0Empieza: Wed Apr 26 13:34:59 2023TerminaWed Apr 26 13:35:01 2023
Hilo 1 1Empieza: Wed Apr 26 13:34:59 2023TerminaWed Apr 26 13:35:02 2023
Hilo 1 1Empieza: Wed Apr 26 13:34:59 2023TerminaWed Apr 26 13:35:02 2023
Hilo 1 1Empieza: Wed Apr 26 13:34:59 2023TerminaWed Apr 26 13:35:03 2023
Hilo 1 1Empieza: Wed Apr 26 13:34:59 2023TerminaWed Apr 26 13:35:03 2023
Reads

Parser destructor
Reads
Reads

Parser destructor

Parser destructor
Hilo 1 0Empieza: Wed Apr 26 13:34:59 2023TerminaWed Apr 26 13:35:09 2023
Reads

Parser destructor
r
-
-
r
-
-
nodeThread: 0 2 
opType: 1 0 0 
pData: 1
nodePVector: 0 2 
tamPVector: 209715200 209715200 
nodeSVector: 0 
tamSVector: 209715200 
SvectorPerThread: 0 0 
numSElmProc: 209715200 209715200 

nodeThread: 0 2 
opType: 1 0 0 
pData: 1
nodePVector: 0 2 
tamPVector: 209715200 209715200 
nodeSVector: 0 
tamSVector: 209715200 
SvectorPerThread: 0 0 
numSElmProc: 209715200 209715200 

r
-
-
nodeThread: 0 2 
opType: 1 0 0 
pData: 1
nodePVector: 0 2 
tamPVector: 209715200 209715200 
nodeSVector: 0 
tamSVector: 209715200 
SvectorPerThread: 0 0 
numSElmProc: 209715200 209715200 

r
-
-
nodeThread: 0 2 
opType: 1 0 0 
pData: 1
nodePVector: 0 2 
tamPVector: 209715200 209715200 
nodeSVector: 0 
tamSVector: 209715200 
SvectorPerThread: 0 0 
numSElmProc: 209715200 209715200 

Hilo 1 0Empieza: Wed Apr 26 13:35:21 2023TerminaWed Apr 26 13:35:23 2023
Hilo 1 0Empieza: Wed Apr 26 13:35:21 2023TerminaWed Apr 26 13:35:23 2023
Hilo 1 0Empieza: Wed Apr 26 13:35:21 2023TerminaWed Apr 26 13:35:23 2023
Hilo 1 1Empieza: Wed Apr 26 13:35:21 2023TerminaWed Apr 26 13:35:23 2023
Hilo 1 1Empieza: Wed Apr 26 13:35:21 2023TerminaWed Apr 26 13:35:24 2023
Hilo 1 1Empieza: Wed Apr 26 13:35:21 2023TerminaWed Apr 26 13:35:24 2023
Hilo 1 1Empieza: Wed Apr 26 13:35:21 2023TerminaWed Apr 26 13:35:25 2023
Reads
Reads

Parser destructor

Parser destructor
Reads

Parser destructor
Hilo 1 0Empieza: Wed Apr 26 13:35:21 2023TerminaWed Apr 26 13:35:31 2023
Reads

Parser destructor
r
-
-
r
-
-
r
-
-
nodeThread: 0 2 
opType: 1 0 0 
nodeThread: 0 2 
pData: 1
nodePVector: 0 2 
tamPVector: 209715200 209715200 
opType: 1 0 0 
pData: 1
nodePVector: 0 2 
tamPVector: 209715200 209715200 
nodeSVector: 0 
nodeSVector: 0 
tamSVector: 209715200 
SvectorPerThread: 0 0 
numSElmProc: 209715200 209715200 

tamSVector: 209715200 
SvectorPerThread: 0 0 
numSElmProc: 209715200 209715200 

nodeThread: 0 2 
opType: 1 0 0 
pData: 1
nodePVector: 0 2 
tamPVector: 209715200 209715200 
nodeSVector: 0 
tamSVector: 209715200 
SvectorPerThread: 0 0 
numSElmProc: 209715200 209715200 

r
-
-
nodeThread: 0 2 
opType: 1 0 0 
pData: 1
nodePVector: 0 2 
tamPVector: 209715200 209715200 
nodeSVector: 0 
tamSVector: 209715200 
SvectorPerThread: 0 0 
numSElmProc: 209715200 209715200 

Hilo 1 0Empieza: Wed Apr 26 13:35:43 2023TerminaWed Apr 26 13:35:45 2023
Hilo 1 0Empieza: Wed Apr 26 13:35:43 2023TerminaWed Apr 26 13:35:45 2023
Hilo 1 1Empieza: Wed Apr 26 13:35:43 2023TerminaWed Apr 26 13:35:46 2023
Hilo 1 0Empieza: Wed Apr 26 13:35:43 2023TerminaWed Apr 26 13:35:45 2023
Hilo 1 1Empieza: Wed Apr 26 13:35:43 2023TerminaWed Apr 26 13:35:47 2023
Hilo 1 1Empieza: Wed Apr 26 13:35:43 2023TerminaWed Apr 26 13:35:47 2023
Hilo 1 1Empieza: Wed Apr 26 13:35:43 2023TerminaWed Apr 26 13:35:47 2023
Reads
Reads

Parser destructor

Parser destructor
Reads

Parser destructor
Hilo 1 0Empieza: Wed Apr 26 13:35:43 2023TerminaWed Apr 26 13:35:53 2023
Reads

Parser destructor
r
-
-
nodeThread: 0 2 
opType: 1 0 0 
pData: 1
r
-
-
nodePVector: 0 2 
tamPVector: 209715200 209715200 
nodeSVector: 0 
tamSVector: 209715200 
SvectorPerThread: 0 0 
numSElmProc: 209715200 209715200 

nodeThread: 0 2 
opType: 1 0 0 
pData: 1
nodePVector: 0 2 
tamPVector: 209715200 209715200 
nodeSVector: 0 
tamSVector: 209715200 
SvectorPerThread: 0 0 
numSElmProc: 209715200 209715200 

r
-
-
r
-
-
nodeThread: 0 2 
opType: 1 0 0 
pData: 1
nodePVector: 0 2 
tamPVector: 209715200 209715200 
nodeSVector: 0 
tamSVector: 209715200 
SvectorPerThread: 0 0 
numSElmProc: 209715200 209715200 

nodeThread: 0 2 
opType: 1 0 0 
pData: 1
nodePVector: 0 2 
tamPVector: 209715200 209715200 
nodeSVector: 0 
tamSVector: 209715200 
SvectorPerThread: 0 0 
numSElmProc: 209715200 209715200 

Hilo 1 0Empieza: Wed Apr 26 13:36:05 2023TerminaWed Apr 26 13:36:07 2023
Hilo 1 1Empieza: Wed Apr 26 13:36:05 2023TerminaWed Apr 26 13:36:07 2023
Hilo 1 1Empieza: Wed Apr 26 13:36:05 2023TerminaWed Apr 26 13:36:07 2023
Hilo 1 0Empieza: Wed Apr 26 13:36:05 2023TerminaWed Apr 26 13:36:07 2023
Hilo 1 0Empieza: Wed Apr 26 13:36:05 2023TerminaWed Apr 26 13:36:08 2023
Hilo 1 1Empieza: Wed Apr 26 13:36:05 2023TerminaWed Apr 26 13:36:09 2023
Hilo 1 1Empieza: Wed Apr 26 13:36:05 2023TerminaWed Apr 26 13:36:09 2023
Reads
Reads

Parser destructor

Parser destructor
Reads

Parser destructor
Hilo 1 0Empieza: Wed Apr 26 13:36:05 2023TerminaWed Apr 26 13:36:15 2023
Reads

Parser destructor
r
-
-
nodeThread: 0 2 
opType: 1 0 0 
pData: 1
nodePVector: 0 2 
tamPVector: 209715200 209715200 
nodeSVector: 0 
tamSVector: 209715200 
SvectorPerThread: 0 0 
numSElmProc: 209715200 209715200 

r
-
-
nodeThread: 0 2 
opType: 1 0 0 
r
-
-
pData: 1
nodePVector: 0 2 
tamPVector: 209715200 209715200 
nodeSVector: 0 
tamSVector: 209715200 
SvectorPerThread: 0 0 
numSElmProc: 209715200 209715200 

nodeThread: 0 2 
opType: 1 0 0 
pData: 1
nodePVector: 0 2 
tamPVector: 209715200 209715200 
nodeSVector: 0 
tamSVector: 209715200 
SvectorPerThread: 0 0 
numSElmProc: 209715200 209715200 

r
-
-
nodeThread: 0 2 
opType: 1 0 0 
pData: 1
nodePVector: 0 2 
tamPVector: 209715200 209715200 
nodeSVector: 0 
tamSVector: 209715200 
SvectorPerThread: 0 0 
numSElmProc: 209715200 209715200 

Hilo 1 0Empieza: Wed Apr 26 13:36:27 2023TerminaWed Apr 26 13:36:29 2023
Hilo 1 0Empieza: Wed Apr 26 13:36:27 2023TerminaWed Apr 26 13:36:29 2023
Hilo 1 0Empieza: Wed Apr 26 13:36:27 2023TerminaWed Apr 26 13:36:29 2023
Hilo 1 1Empieza: Wed Apr 26 13:36:27 2023TerminaWed Apr 26 13:36:29 2023
Hilo 1 1Empieza: Wed Apr 26 13:36:27 2023TerminaWed Apr 26 13:36:30 2023
Hilo 1 1Empieza: Wed Apr 26 13:36:27 2023TerminaWed Apr 26 13:36:30 2023
Hilo 1 1Empieza: Wed Apr 26 13:36:27 2023TerminaWed Apr 26 13:36:30 2023
Reads

Parser destructor
Reads
Reads

Parser destructor

Parser destructor
Hilo 1 0Empieza: Wed Apr 26 13:36:27 2023TerminaWed Apr 26 13:36:36 2023
Reads

Parser destructor
r
-
-
nodeThread: 0 2 
opType: 1 0 0 
pData: 1
nodePVector: 0 2 
tamPVector: 209715200 209715200 
nodeSVector: 0 
tamSVector: 209715200 
SvectorPerThread: 0 0 
numSElmProc: 209715200 209715200 

r
-
-
nodeThread: 0 2 
opType: 1 0 0 
pData: 1
nodePVector: 0 2 
tamPVector: 209715200 209715200 
r
-
-
nodeSVector: 0 
tamSVector: 209715200 
SvectorPerThread: 0 0 
numSElmProc: 209715200 209715200 

nodeThread: 0 2 
opType: 1 0 0 
pData: 1
nodePVector: 0 2 
tamPVector: 209715200 209715200 
nodeSVector: 0 
tamSVector: 209715200 
SvectorPerThread: 0 0 
numSElmProc: 209715200 209715200 

r
-
-
nodeThread: 0 2 
opType: 1 0 0 
pData: 1
nodePVector: 0 2 
tamPVector: 209715200 209715200 
nodeSVector: 0 
tamSVector: 209715200 
SvectorPerThread: 0 0 
numSElmProc: 209715200 209715200 

Hilo 1 0Empieza: Wed Apr 26 13:36:49 2023TerminaWed Apr 26 13:36:51 2023
Hilo 1 1Empieza: Wed Apr 26 13:36:49 2023TerminaWed Apr 26 13:36:51 2023
Hilo 1 0Empieza: Wed Apr 26 13:36:49 2023TerminaWed Apr 26 13:36:51 2023
Hilo 1 0Empieza: Wed Apr 26 13:36:49 2023TerminaWed Apr 26 13:36:51 2023
Hilo 1 1Empieza: Wed Apr 26 13:36:49 2023TerminaWed Apr 26 13:36:51 2023
Hilo 1 1Empieza: Wed Apr 26 13:36:49 2023TerminaWed Apr 26 13:36:52 2023
Hilo 1 1Empieza: Wed Apr 26 13:36:49 2023TerminaWed Apr 26 13:36:52 2023
Reads

Parser destructor
Reads

Parser destructor
Reads

Parser destructor
Hilo 1 0Empieza: Wed Apr 26 13:36:49 2023TerminaWed Apr 26 13:36:58 2023
Reads

Parser destructor
