[H[2J[3Jr
-
-
nodeThread: 0 2 
opType: 1 0 0 
pData: 1
nodePVector: 0 2 
tamPVector: 209715200 209715200 
nodeSVector: 0 
tamSVector: 209715200 
SvectorPerThread: 0 0 
numSElmProc: 209715200 209715200 

Reads

Parser destructor
r
-
-
nodeThread: 0 2 
opType: 1 0 0 
pData: 1
nodePVector: 0 2 
tamPVector: 209715200 209715200 
nodeSVector: 0 
tamSVector: 209715200 
SvectorPerThread: 0 0 
numSElmProc: 209715200 209715200 

Reads

Parser destructor
r
-
-
nodeThread: 0 2 
opType: 1 0 0 
pData: 1
nodePVector: 0 2 
tamPVector: 209715200 209715200 
nodeSVector: 0 
tamSVector: 209715200 
SvectorPerThread: 0 0 
numSElmProc: 209715200 209715200 

Reads

Parser destructor
r
-
-
nodeThread: 0 2 
opType: 1 0 0 
pData: 1
nodePVector: 0 2 
tamPVector: 209715200 209715200 
nodeSVector: 0 
tamSVector: 209715200 
SvectorPerThread: 0 0 
numSElmProc: 209715200 209715200 

Reads

Parser destructor
r
-
-
nodeThread: 0 2 
opType: 1 0 0 
pData: 1
nodePVector: 0 2 
tamPVector: 209715200 209715200 
nodeSVector: 0 
tamSVector: 209715200 
SvectorPerThread: 0 0 
numSElmProc: 209715200 209715200 

Reads

Parser destructor
r
-
-
nodeThread: 0 2 
opType: 1 0 0 
pData: 1
nodePVector: 0 2 
tamPVector: 209715200 209715200 
nodeSVector: 0 
tamSVector: 209715200 
SvectorPerThread: 0 0 
numSElmProc: 209715200 209715200 

Reads

Parser destructor
r
-
-
nodeThread: 0 2 
opType: 1 0 0 
pData: 1
nodePVector: 0 2 
tamPVector: 209715200 209715200 
nodeSVector: 0 
tamSVector: 209715200 
SvectorPerThread: 0 0 
numSElmProc: 209715200 209715200 

Reads

Parser destructor
r
-
-
nodeThread: 0 2 
opType: 1 0 0 
pData: 1
nodePVector: 0 2 
tamPVector: 209715200 209715200 
nodeSVector: 0 
tamSVector: 209715200 
SvectorPerThread: 0 0 
numSElmProc: 209715200 209715200 

Reads

Parser destructor
r
-
-
nodeThread: 0 2 
opType: 1 0 0 
pData: 1
nodePVector: 0 2 
tamPVector: 209715200 209715200 
nodeSVector: 0 
tamSVector: 209715200 
SvectorPerThread: 0 0 
numSElmProc: 209715200 209715200 

Reads

Parser destructor
r
-
-
nodeThread: 0 2 
opType: 1 0 0 
pData: 1
nodePVector: 0 2 
tamPVector: 209715200 209715200 
nodeSVector: 0 
tamSVector: 209715200 
SvectorPerThread: 0 0 
numSElmProc: 209715200 209715200 

Reads

Parser destructor
r
-
-
nodeThread: 0 2 
opType: 1 0 0 
pData: 1
nodePVector: 0 2 
tamPVector: 209715200 209715200 
nodeSVector: 0 
tamSVector: 209715200 
SvectorPerThread: 0 0 
numSElmProc: 209715200 209715200 

Reads

Parser destructor
r
-
-
nodeThread: 0 2 
opType: 1 0 0 
pData: 1
nodePVector: 0 2 
tamPVector: 209715200 209715200 
nodeSVector: 0 
tamSVector: 209715200 
SvectorPerThread: 0 0 
numSElmProc: 209715200 209715200 

Reads

Parser destructor
r
-
-
nodeThread: 0 2 
opType: 1 0 0 
pData: 1
nodePVector: 0 2 
tamPVector: 209715200 209715200 
nodeSVector: 0 
tamSVector: 209715200 
SvectorPerThread: 0 0 
numSElmProc: 209715200 209715200 

Reads

Parser destructor
r
-
-
nodeThread: 0 2 
opType: 1 0 0 
pData: 1
nodePVector: 0 2 
tamPVector: 209715200 209715200 
nodeSVector: 0 
tamSVector: 209715200 
SvectorPerThread: 0 0 
numSElmProc: 209715200 209715200 

Reads

Parser destructor
r
-
-
nodeThread: 0 2 
opType: 1 0 0 
pData: 1
nodePVector: 0 2 
tamPVector: 209715200 209715200 
nodeSVector: 0 
tamSVector: 209715200 
SvectorPerThread: 0 0 
numSElmProc: 209715200 209715200 

Reads

Parser destructor
r
-
-
nodeThread: 0 2 
opType: 1 0 0 
pData: 1
nodePVector: 0 2 
tamPVector: 209715200 209715200 
nodeSVector: 0 
tamSVector: 209715200 
SvectorPerThread: 0 0 
numSElmProc: 209715200 209715200 

Reads

Parser destructor
r
-
-
nodeThread: 0 2 
opType: 1 0 0 
pData: 1
nodePVector: 0 2 
tamPVector: 209715200 209715200 
nodeSVector: 0 
tamSVector: 209715200 
SvectorPerThread: 0 0 
numSElmProc: 209715200 209715200 

Reads

Parser destructor
r
-
-
nodeThread: 0 2 
opType: 1 0 0 
pData: 1
nodePVector: 0 2 
tamPVector: 209715200 209715200 
nodeSVector: 0 
tamSVector: 209715200 
SvectorPerThread: 0 0 
numSElmProc: 209715200 209715200 

Reads

Parser destructor
r
-
-
nodeThread: 0 2 
opType: 1 0 0 
pData: 1
nodePVector: 0 2 
tamPVector: 209715200 209715200 
nodeSVector: 0 
tamSVector: 209715200 
SvectorPerThread: 0 0 
numSElmProc: 209715200 209715200 

Reads

Parser destructor
r
-
-
nodeThread: 0 2 
opType: 1 0 0 
pData: 1
nodePVector: 0 2 
tamPVector: 209715200 209715200 
nodeSVector: 0 
tamSVector: 209715200 
SvectorPerThread: 0 0 
numSElmProc: 209715200 209715200 

Reads

Parser destructor
